Using pre-set license
Built from '6000.0/staging' branch; Version is '6000.0.57f1 (b7b9860b7bbd) revision 12040582'; Using compiler version '193933523'; Build Type 'Release'
OS: 'Windows 11  (10.0.26200) 64bit Core' Language: 'ko' Physical Memory: 32656 MB
BatchMode: 1, IsHumanControllingUs: 0, StartBugReporterOnCrash: 0, Is64bit: 1
Date: 2025-10-15T11:25:03Z

COMMAND LINE ARGUMENTS:
C:\Program Files\Unity\Hub\Editor\6000.0.57f1\Editor\Unity.exe
-adb2
-batchMode
-noUpm
-name
AssetImportWorker0
-projectPath
C:/Users/PC/Desktop/TheCogOfTime/TheCogOfTime
-logFile
Logs/AssetImportWorker0.log
-srvPort
61367
-job-worker-count
5
-background-job-worker-count
8
-gc-helper-count
1
-name
AssetImport
Successfully changed project path to: C:/Users/PC/Desktop/TheCogOfTime/TheCogOfTime
C:/Users/PC/Desktop/TheCogOfTime/TheCogOfTime
[UnityMemory] Configuration Parameters - Can be set up in boot.config
    "memorysetup-bucket-allocator-granularity=16"
    "memorysetup-bucket-allocator-bucket-count=8"
    "memorysetup-bucket-allocator-block-size=33554432"
    "memorysetup-bucket-allocator-block-count=8"
    "memorysetup-main-allocator-block-size=16777216"
    "memorysetup-thread-allocator-block-size=16777216"
    "memorysetup-gfx-main-allocator-block-size=16777216"
    "memorysetup-gfx-thread-allocator-block-size=16777216"
    "memorysetup-cache-allocator-block-size=4194304"
    "memorysetup-typetree-allocator-block-size=2097152"
    "memorysetup-profiler-bucket-allocator-granularity=16"
    "memorysetup-profiler-bucket-allocator-bucket-count=8"
    "memorysetup-profiler-bucket-allocator-block-size=33554432"
    "memorysetup-profiler-bucket-allocator-block-count=8"
    "memorysetup-profiler-allocator-block-size=16777216"
    "memorysetup-profiler-editor-allocator-block-size=1048576"
    "memorysetup-temp-allocator-size-main=16777216"
    "memorysetup-job-temp-allocator-block-size=2097152"
    "memorysetup-job-temp-allocator-block-size-background=1048576"
    "memorysetup-job-temp-allocator-reduction-small-platforms=262144"
    "memorysetup-allocator-temp-initial-block-size-main=262144"
    "memorysetup-allocator-temp-initial-block-size-worker=262144"
    "memorysetup-temp-allocator-size-background-worker=32768"
    "memorysetup-temp-allocator-size-job-worker=262144"
    "memorysetup-temp-allocator-size-preload-manager=33554432"
    "memorysetup-temp-allocator-size-nav-mesh-worker=65536"
    "memorysetup-temp-allocator-size-audio-worker=65536"
    "memorysetup-temp-allocator-size-cloud-worker=32768"
    "memorysetup-temp-allocator-size-gi-baking-worker=262144"
    "memorysetup-temp-allocator-size-gi-baking-worker=262144"
    "memorysetup-temp-allocator-size-gi-baking-worker=262144"
    "memorysetup-temp-allocator-size-gi-baking-worker=262144"
    "memorysetup-temp-allocator-size-gi-baking-worker=262144"
    "memorysetup-temp-allocator-size-gfx=262144"
Player connection [21068]  Target information:

Player connection [21068]  * "[IP] 203.229.25.102 [Port] 0 [Flags] 2 [Guid] 863862158 [EditorId] 863862158 [Version] 1048832 [Id] WindowsEditor(7,DESKTOP-4IIM8Q0) [Debug] 1 [PackageName] WindowsEditor [ProjectName] Editor" 

Player connection [21068] Host joined multi-casting on [225.0.0.222:54997]...
Player connection [21068] Host joined alternative multi-casting on [225.0.0.222:34997]...
JobSystem: Creating JobQueue using job-worker-count value 5
Input System module state changed to: Initialized.
[Physics::Module] Initialized fallback backend.
[Physics::Module] Id: 0xdecafbad
Library Redirect Path: Library/
[Physics::Module] Selected backend.
[Physics::Module] Name: PhysX
[Physics::Module] Id: 0xf2b8ea05
[Physics::Module] SDK Version: 4.1.2
[Physics::Module] Integration Version: 1.0.0
[Physics::Module] Threading Mode: Multi-Threaded
Refreshing native plugins compatible for Editor in 2.02 ms, found 3 plugins.
Preloading 0 native plugins for Editor in 0.00 ms.
Initialize engine version: 6000.0.57f1 (b7b9860b7bbd)
[Subsystems] Discovering subsystems at path C:/Program Files/Unity/Hub/Editor/6000.0.57f1/Editor/Data/Resources/UnitySubsystems
[Subsystems] Discovering subsystems at path C:/Users/PC/Desktop/TheCogOfTime/TheCogOfTime/Assets
GfxDevice: creating device client; kGfxThreadingModeNonThreaded
Direct3D:
    Version:  Direct3D 11.0 [level 11.1]
    Renderer: NVIDIA GeForce RTX 4060 (ID=0x2882)
    Vendor:   NVIDIA
    VRAM:     7957 MB
    Driver:   32.0.15.6590
Initialize mono
Mono path[0] = 'C:/Program Files/Unity/Hub/Editor/6000.0.57f1/Editor/Data/Managed'
Mono path[1] = 'C:/Program Files/Unity/Hub/Editor/6000.0.57f1/Editor/Data/MonoBleedingEdge/lib/mono/unityjit-win32'
Mono config path = 'C:/Program Files/Unity/Hub/Editor/6000.0.57f1/Editor/Data/MonoBleedingEdge/etc'
Using monoOptions --debugger-agent=transport=dt_socket,embedding=1,server=y,suspend=n,address=127.0.0.1:56696
Begin MonoManager ReloadAssembly
Registering precompiled unity dll's ...
Register platform support module: C:/Program Files/Unity/Hub/Editor/6000.0.57f1/Editor/Data/PlaybackEngines/WindowsStandaloneSupport/UnityEditor.WindowsStandalone.Extensions.dll
Registered in 0.003563 seconds.
- Loaded All Assemblies, in  0.426 seconds
Native extension for WindowsStandalone target not found
Mono: successfully reloaded assembly
- Finished resetting the current domain, in  0.370 seconds
Domain Reload Profiling: 793ms
	BeginReloadAssembly (146ms)
		ExecutionOrderSort (0ms)
		DisableScriptedObjects (0ms)
		BackupInstance (0ms)
		ReleaseScriptingObjects (0ms)
		CreateAndSetChildDomain (1ms)
	RebuildCommonClasses (37ms)
	RebuildNativeTypeToScriptingClass (11ms)
	initialDomainReloadingComplete (51ms)
	LoadAllAssembliesAndSetupDomain (178ms)
		LoadAssemblies (141ms)
		RebuildTransferFunctionScriptingTraits (0ms)
		AnalyzeDomain (174ms)
			TypeCache.Refresh (173ms)
				TypeCache.ScanAssembly (159ms)
			BuildScriptInfoCaches (0ms)
			ResolveRequiredComponents (0ms)
	FinalizeReload (370ms)
		ReleaseScriptCaches (0ms)
		RebuildScriptCaches (0ms)
		SetupLoadedEditorAssemblies (325ms)
			LogAssemblyErrors (0ms)
			InitializePlatformSupportModulesInManaged (55ms)
			SetLoadedEditorAssemblies (4ms)
			BeforeProcessingInitializeOnLoad (62ms)
			ProcessInitializeOnLoadAttributes (153ms)
			ProcessInitializeOnLoadMethodAttributes (51ms)
			AfterProcessingInitializeOnLoad (0ms)
			EditorAssembliesLoaded (0ms)
		ExecutionOrderSort2 (0ms)
		AwakeInstancesAfterBackupRestoration (0ms)
========================================================================
Worker process is ready to serve import requests
Import Worker Mode flag is 0x00
Begin MonoManager ReloadAssembly
- Loaded All Assemblies, in  0.627 seconds
Refreshing native plugins compatible for Editor in 1.29 ms, found 3 plugins.
Native extension for WindowsStandalone target not found
Package Manager log level set to [2]
[Package Manager] Failed to launch server process. Reason: Unity was launched with the -noUpm command-line argument
[Package Manager] Unable to send message (not connected to server process).
[Package Manager] Cannot connect to Unity Package Manager local server
Mono: successfully reloaded assembly
- Finished resetting the current domain, in  0.581 seconds
Domain Reload Profiling: 1203ms
	BeginReloadAssembly (170ms)
		ExecutionOrderSort (0ms)
		DisableScriptedObjects (6ms)
		BackupInstance (0ms)
		ReleaseScriptingObjects (0ms)
		CreateAndSetChildDomain (30ms)
	RebuildCommonClasses (32ms)
	RebuildNativeTypeToScriptingClass (10ms)
	initialDomainReloadingComplete (36ms)
	LoadAllAssembliesAndSetupDomain (374ms)
		LoadAssemblies (298ms)
		RebuildTransferFunctionScriptingTraits (0ms)
		AnalyzeDomain (173ms)
			TypeCache.Refresh (140ms)
				TypeCache.ScanAssembly (127ms)
			BuildScriptInfoCaches (25ms)
			ResolveRequiredComponents (5ms)
	FinalizeReload (581ms)
		ReleaseScriptCaches (0ms)
		RebuildScriptCaches (0ms)
		SetupLoadedEditorAssemblies (475ms)
			LogAssemblyErrors (0ms)
			InitializePlatformSupportModulesInManaged (11ms)
			SetLoadedEditorAssemblies (3ms)
			BeforeProcessingInitializeOnLoad (87ms)
			ProcessInitializeOnLoadAttributes (333ms)
			ProcessInitializeOnLoadMethodAttributes (30ms)
			AfterProcessingInitializeOnLoad (10ms)
			EditorAssembliesLoaded (0ms)
		ExecutionOrderSort2 (0ms)
		AwakeInstancesAfterBackupRestoration (6ms)
Launched and connected shader compiler UnityShaderCompiler.exe after 0.01 seconds
Refreshing native plugins compatible for Editor in 1.90 ms, found 3 plugins.
Preloading 0 native plugins for Editor in 0.00 ms.
Unloading 0 Unused Serialized files (Serialized files now loaded: 0)
Unloading 3823 unused Assets / (1.1 MB). Loaded Objects now: 4344.
Memory consumption went from 96.0 MB to 94.9 MB.
Total: 7.168100 ms (FindLiveObjects: 0.434600 ms CreateObjectMapping: 0.241900 ms MarkObjects: 5.056400 ms  DeleteObjects: 1.434200 ms)

========================================================================
Received Prepare
Begin MonoManager ReloadAssembly
- Loaded All Assemblies, in  2.251 seconds
Refreshing native plugins compatible for Editor in 1.12 ms, found 3 plugins.
Native extension for WindowsStandalone target not found
[Package Manager] Failed to launch server process. Reason: Unity was launched with the -noUpm command-line argument
[Package Manager] Unable to send message (not connected to server process).
[Package Manager] Cannot connect to Unity Package Manager local server
Mono: successfully reloaded assembly
- Finished resetting the current domain, in  0.514 seconds
Domain Reload Profiling: 2763ms
	BeginReloadAssembly (201ms)
		ExecutionOrderSort (0ms)
		DisableScriptedObjects (6ms)
		BackupInstance (0ms)
		ReleaseScriptingObjects (0ms)
		CreateAndSetChildDomain (44ms)
	RebuildCommonClasses (40ms)
	RebuildNativeTypeToScriptingClass (11ms)
	initialDomainReloadingComplete (27ms)
	LoadAllAssembliesAndSetupDomain (1968ms)
		LoadAssemblies (1947ms)
		RebuildTransferFunctionScriptingTraits (0ms)
		AnalyzeDomain (122ms)
			TypeCache.Refresh (8ms)
				TypeCache.ScanAssembly (0ms)
			BuildScriptInfoCaches (108ms)
			ResolveRequiredComponents (4ms)
	FinalizeReload (515ms)
		ReleaseScriptCaches (0ms)
		RebuildScriptCaches (0ms)
		SetupLoadedEditorAssemblies (403ms)
			LogAssemblyErrors (0ms)
			InitializePlatformSupportModulesInManaged (11ms)
			SetLoadedEditorAssemblies (4ms)
			BeforeProcessingInitializeOnLoad (84ms)
			ProcessInitializeOnLoadAttributes (274ms)
			ProcessInitializeOnLoadMethodAttributes (21ms)
			AfterProcessingInitializeOnLoad (8ms)
			EditorAssembliesLoaded (0ms)
		ExecutionOrderSort2 (0ms)
		AwakeInstancesAfterBackupRestoration (6ms)
Refreshing native plugins compatible for Editor in 1.50 ms, found 3 plugins.
Preloading 0 native plugins for Editor in 0.00 ms.
Unloading 0 Unused Serialized files (Serialized files now loaded: 0)
Unloading 3821 unused Assets / (0.9 MB). Loaded Objects now: 4345.
Memory consumption went from 96.2 MB to 95.2 MB.
Total: 5.939400 ms (FindLiveObjects: 0.398400 ms CreateObjectMapping: 0.607600 ms MarkObjects: 3.898400 ms  DeleteObjects: 1.034200 ms)

Prepare: number of updated asset objects reloaded= 0
========================================================================
Received Import Request.
  Time since last request: 125867.782530 seconds.
  path: Assets/4_Scripts/PlayerMove.cs
  artifactKey: Guid(7a04f3cee007a90479416251fb21592c) Importer(815301076,1909f56bfc062723c751e8b465ee728b)
Start importing Assets/4_Scripts/PlayerMove.cs using Guid(7a04f3cee007a90479416251fb21592c) Importer(815301076,1909f56bfc062723c751e8b465ee728b) (PreviewImporter) -> (artifact id: 'bed99999dabffba2b2fcd9307cc2f250') in 0.0227346 seconds
Number of updated asset objects reloaded before import = 0Number of asset objects unloaded after import = 0

========================================================================
Received Prepare
Refreshing native plugins compatible for Editor in 1.48 ms, found 3 plugins.
Preloading 0 native plugins for Editor in 0.00 ms.
Unloading 0 Unused Serialized files (Serialized files now loaded: 0)
Unloading 3815 unused Assets / (0.9 MB). Loaded Objects now: 4348.
Memory consumption went from 96.9 MB to 96.0 MB.
Total: 6.455900 ms (FindLiveObjects: 0.661900 ms CreateObjectMapping: 0.699700 ms MarkObjects: 4.223500 ms  DeleteObjects: 0.870300 ms)

Prepare: number of updated asset objects reloaded= 0
========================================================================
Received Import Request.
  Time since last request: 17.400996 seconds.
  path: Assets/4_Scripts/PlayerMovementState.cs
  artifactKey: Guid(fe8a542fddc702b48ba56962ec9a1498) Importer(815301076,1909f56bfc062723c751e8b465ee728b)
Start importing Assets/4_Scripts/PlayerMovementState.cs using Guid(fe8a542fddc702b48ba56962ec9a1498) Importer(815301076,1909f56bfc062723c751e8b465ee728b) (PreviewImporter) -> (artifact id: '216d1ac4dd3ac33a509d1b14e8e2da90') in 0.0011086 seconds
Number of updated asset objects reloaded before import = 0Number of asset objects unloaded after import = 0

========================================================================
Received Prepare
Begin MonoManager ReloadAssembly
- Loaded All Assemblies, in  0.551 seconds
Refreshing native plugins compatible for Editor in 1.58 ms, found 3 plugins.
Native extension for WindowsStandalone target not found
[Package Manager] Failed to launch server process. Reason: Unity was launched with the -noUpm command-line argument
[Package Manager] Unable to send message (not connected to server process).
[Package Manager] Cannot connect to Unity Package Manager local server
Mono: successfully reloaded assembly
- Finished resetting the current domain, in  0.508 seconds
Domain Reload Profiling: 1057ms
	BeginReloadAssembly (178ms)
		ExecutionOrderSort (0ms)
		DisableScriptedObjects (6ms)
		BackupInstance (0ms)
		ReleaseScriptingObjects (0ms)
		CreateAndSetChildDomain (40ms)
	RebuildCommonClasses (32ms)
	RebuildNativeTypeToScriptingClass (11ms)
	initialDomainReloadingComplete (27ms)
	LoadAllAssembliesAndSetupDomain (300ms)
		LoadAssemblies (268ms)
		RebuildTransferFunctionScriptingTraits (0ms)
		AnalyzeDomain (121ms)
			TypeCache.Refresh (7ms)
				TypeCache.ScanAssembly (0ms)
			BuildScriptInfoCaches (106ms)
			ResolveRequiredComponents (4ms)
	FinalizeReload (508ms)
		ReleaseScriptCaches (0ms)
		RebuildScriptCaches (0ms)
		SetupLoadedEditorAssemblies (397ms)
			LogAssemblyErrors (0ms)
			InitializePlatformSupportModulesInManaged (12ms)
			SetLoadedEditorAssemblies (3ms)
			BeforeProcessingInitializeOnLoad (91ms)
			ProcessInitializeOnLoadAttributes (258ms)
			ProcessInitializeOnLoadMethodAttributes (23ms)
			AfterProcessingInitializeOnLoad (9ms)
			EditorAssembliesLoaded (0ms)
		ExecutionOrderSort2 (0ms)
		AwakeInstancesAfterBackupRestoration (5ms)
Refreshing native plugins compatible for Editor in 1.52 ms, found 3 plugins.
Preloading 0 native plugins for Editor in 0.00 ms.
Unloading 0 Unused Serialized files (Serialized files now loaded: 0)
Unloading 3822 unused Assets / (0.8 MB). Loaded Objects now: 4348.
Memory consumption went from 96.7 MB to 95.9 MB.
Total: 5.101600 ms (FindLiveObjects: 0.408400 ms CreateObjectMapping: 0.177600 ms MarkObjects: 3.721400 ms  DeleteObjects: 0.793300 ms)

Prepare: number of updated asset objects reloaded= 0
========================================================================
Received Prepare
Refreshing native plugins compatible for Editor in 1.28 ms, found 3 plugins.
Preloading 0 native plugins for Editor in 0.00 ms.
Unloading 0 Unused Serialized files (Serialized files now loaded: 0)
Unloading 3815 unused Assets / (0.9 MB). Loaded Objects now: 4348.
Memory consumption went from 96.9 MB to 96.0 MB.
Total: 5.713500 ms (FindLiveObjects: 0.395000 ms CreateObjectMapping: 0.183800 ms MarkObjects: 4.017300 ms  DeleteObjects: 1.116300 ms)

Prepare: number of updated asset objects reloaded= 0
========================================================================
Received Prepare
Begin MonoManager ReloadAssembly
- Loaded All Assemblies, in  0.642 seconds
Refreshing native plugins compatible for Editor in 1.33 ms, found 3 plugins.
Native extension for WindowsStandalone target not found
[Package Manager] Failed to launch server process. Reason: Unity was launched with the -noUpm command-line argument
[Package Manager] Unable to send message (not connected to server process).
[Package Manager] Cannot connect to Unity Package Manager local server
Mono: successfully reloaded assembly
- Finished resetting the current domain, in  0.564 seconds
Domain Reload Profiling: 1204ms
	BeginReloadAssembly (201ms)
		ExecutionOrderSort (0ms)
		DisableScriptedObjects (9ms)
		BackupInstance (0ms)
		ReleaseScriptingObjects (0ms)
		CreateAndSetChildDomain (44ms)
	RebuildCommonClasses (37ms)
	RebuildNativeTypeToScriptingClass (15ms)
	initialDomainReloadingComplete (31ms)
	LoadAllAssembliesAndSetupDomain (355ms)
		LoadAssemblies (300ms)
		RebuildTransferFunctionScriptingTraits (0ms)
		AnalyzeDomain (150ms)
			TypeCache.Refresh (6ms)
				TypeCache.ScanAssembly (0ms)
			BuildScriptInfoCaches (134ms)
			ResolveRequiredComponents (6ms)
	FinalizeReload (565ms)
		ReleaseScriptCaches (0ms)
		RebuildScriptCaches (0ms)
		SetupLoadedEditorAssemblies (463ms)
			LogAssemblyErrors (0ms)
			InitializePlatformSupportModulesInManaged (10ms)
			SetLoadedEditorAssemblies (3ms)
			BeforeProcessingInitializeOnLoad (112ms)
			ProcessInitializeOnLoadAttributes (305ms)
			ProcessInitializeOnLoadMethodAttributes (20ms)
			AfterProcessingInitializeOnLoad (11ms)
			EditorAssembliesLoaded (0ms)
		ExecutionOrderSort2 (0ms)
		AwakeInstancesAfterBackupRestoration (6ms)
Refreshing native plugins compatible for Editor in 1.68 ms, found 3 plugins.
Preloading 0 native plugins for Editor in 0.00 ms.
Unloading 0 Unused Serialized files (Serialized files now loaded: 0)
Unloading 3822 unused Assets / (0.9 MB). Loaded Objects now: 4348.
Memory consumption went from 96.7 MB to 95.8 MB.
Total: 5.378000 ms (FindLiveObjects: 0.661800 ms CreateObjectMapping: 0.256600 ms MarkObjects: 3.468200 ms  DeleteObjects: 0.990800 ms)

Prepare: number of updated asset objects reloaded= 0
========================================================================
Received Prepare
Refreshing native plugins compatible for Editor in 1.25 ms, found 3 plugins.
Preloading 0 native plugins for Editor in 0.00 ms.
Unloading 0 Unused Serialized files (Serialized files now loaded: 0)
Unloading 3816 unused Assets / (0.8 MB). Loaded Objects now: 4349.
Memory consumption went from 96.9 MB to 96.0 MB.
Total: 5.225900 ms (FindLiveObjects: 0.382100 ms CreateObjectMapping: 0.167100 ms MarkObjects: 3.946300 ms  DeleteObjects: 0.730000 ms)

Prepare: number of updated asset objects reloaded= 0
========================================================================
Received Import Request.
  Time since last request: 1709.838084 seconds.
  path: Assets/4_Scripts/StateMachine.cs
  artifactKey: Guid(78e06d692853b434b926ca519938464a) Importer(815301076,1909f56bfc062723c751e8b465ee728b)
Start importing Assets/4_Scripts/StateMachine.cs using Guid(78e06d692853b434b926ca519938464a) Importer(815301076,1909f56bfc062723c751e8b465ee728b) (PreviewImporter) -> (artifact id: '3b67e7bac159a618a81dc1dec1e13111') in 0.0034777 seconds
Number of updated asset objects reloaded before import = 0Number of asset objects unloaded after import = 0

========================================================================
Received Prepare
Begin MonoManager ReloadAssembly
- Loaded All Assemblies, in  0.663 seconds
Refreshing native plugins compatible for Editor in 1.80 ms, found 3 plugins.
Native extension for WindowsStandalone target not found
[Package Manager] Failed to launch server process. Reason: Unity was launched with the -noUpm command-line argument
[Package Manager] Unable to send message (not connected to server process).
[Package Manager] Cannot connect to Unity Package Manager local server
Mono: successfully reloaded assembly
- Finished resetting the current domain, in  0.587 seconds
Domain Reload Profiling: 1245ms
	BeginReloadAssembly (207ms)
		ExecutionOrderSort (0ms)
		DisableScriptedObjects (6ms)
		BackupInstance (0ms)
		ReleaseScriptingObjects (0ms)
		CreateAndSetChildDomain (43ms)
	RebuildCommonClasses (39ms)
	RebuildNativeTypeToScriptingClass (15ms)
	initialDomainReloadingComplete (35ms)
	LoadAllAssembliesAndSetupDomain (362ms)
		LoadAssemblies (324ms)
		RebuildTransferFunctionScriptingTraits (0ms)
		AnalyzeDomain (147ms)
			TypeCache.Refresh (8ms)
				TypeCache.ScanAssembly (0ms)
			BuildScriptInfoCaches (130ms)
			ResolveRequiredComponents (5ms)
	FinalizeReload (587ms)
		ReleaseScriptCaches (0ms)
		RebuildScriptCaches (0ms)
		SetupLoadedEditorAssemblies (467ms)
			LogAssemblyErrors (0ms)
			InitializePlatformSupportModulesInManaged (11ms)
			SetLoadedEditorAssemblies (4ms)
			BeforeProcessingInitializeOnLoad (117ms)
			ProcessInitializeOnLoadAttributes (302ms)
			ProcessInitializeOnLoadMethodAttributes (22ms)
			AfterProcessingInitializeOnLoad (10ms)
			EditorAssembliesLoaded (0ms)
		ExecutionOrderSort2 (0ms)
		AwakeInstancesAfterBackupRestoration (6ms)
Refreshing native plugins compatible for Editor in 1.34 ms, found 3 plugins.
Preloading 0 native plugins for Editor in 0.00 ms.
Unloading 0 Unused Serialized files (Serialized files now loaded: 0)
Unloading 3823 unused Assets / (1.0 MB). Loaded Objects now: 4349.
Memory consumption went from 96.7 MB to 95.7 MB.
Total: 5.191000 ms (FindLiveObjects: 0.385300 ms CreateObjectMapping: 0.176600 ms MarkObjects: 3.570200 ms  DeleteObjects: 1.058400 ms)

Prepare: number of updated asset objects reloaded= 0
========================================================================
Received Import Request.
  Time since last request: 4.305591 seconds.
  path: Assets/4_Scripts/StateMachine.cs
  artifactKey: Guid(78e06d692853b434b926ca519938464a) Importer(815301076,1909f56bfc062723c751e8b465ee728b)
Start importing Assets/4_Scripts/StateMachine.cs using Guid(78e06d692853b434b926ca519938464a) Importer(815301076,1909f56bfc062723c751e8b465ee728b) (PreviewImporter) -> (artifact id: '028c57df941faf82dac3b199236a2b14') in 0.0024503 seconds
Number of updated asset objects reloaded before import = 0Number of asset objects unloaded after import = 0

========================================================================
Received Prepare
Refreshing native plugins compatible for Editor in 1.45 ms, found 3 plugins.
Preloading 0 native plugins for Editor in 0.00 ms.
Unloading 0 Unused Serialized files (Serialized files now loaded: 0)
Unloading 3816 unused Assets / (1.0 MB). Loaded Objects now: 4349.
Memory consumption went from 96.9 MB to 95.9 MB.
Total: 6.468300 ms (FindLiveObjects: 0.584500 ms CreateObjectMapping: 0.273800 ms MarkObjects: 4.467800 ms  DeleteObjects: 1.141600 ms)

Prepare: number of updated asset objects reloaded= 0
========================================================================
Received Prepare
Begin MonoManager ReloadAssembly
- Loaded All Assemblies, in  0.559 seconds
Refreshing native plugins compatible for Editor in 1.21 ms, found 3 plugins.
Native extension for WindowsStandalone target not found
[Package Manager] Failed to launch server process. Reason: Unity was launched with the -noUpm command-line argument
[Package Manager] Unable to send message (not connected to server process).
[Package Manager] Cannot connect to Unity Package Manager local server
Mono: successfully reloaded assembly
- Finished resetting the current domain, in  0.469 seconds
Domain Reload Profiling: 1026ms
	BeginReloadAssembly (181ms)
		ExecutionOrderSort (0ms)
		DisableScriptedObjects (5ms)
		BackupInstance (0ms)
		ReleaseScriptingObjects (0ms)
		CreateAndSetChildDomain (39ms)
	RebuildCommonClasses (32ms)
	RebuildNativeTypeToScriptingClass (11ms)
	initialDomainReloadingComplete (27ms)
	LoadAllAssembliesAndSetupDomain (307ms)
		LoadAssemblies (268ms)
		RebuildTransferFunctionScriptingTraits (0ms)
		AnalyzeDomain (130ms)
			TypeCache.Refresh (7ms)
				TypeCache.ScanAssembly (0ms)
			BuildScriptInfoCaches (116ms)
			ResolveRequiredComponents (4ms)
	FinalizeReload (469ms)
		ReleaseScriptCaches (0ms)
		RebuildScriptCaches (0ms)
		SetupLoadedEditorAssemblies (358ms)
			LogAssemblyErrors (0ms)
			InitializePlatformSupportModulesInManaged (11ms)
			SetLoadedEditorAssemblies (3ms)
			BeforeProcessingInitializeOnLoad (82ms)
			ProcessInitializeOnLoadAttributes (235ms)
			ProcessInitializeOnLoadMethodAttributes (20ms)
			AfterProcessingInitializeOnLoad (7ms)
			EditorAssembliesLoaded (0ms)
		ExecutionOrderSort2 (0ms)
		AwakeInstancesAfterBackupRestoration (5ms)
Refreshing native plugins compatible for Editor in 1.31 ms, found 3 plugins.
Preloading 0 native plugins for Editor in 0.00 ms.
Unloading 0 Unused Serialized files (Serialized files now loaded: 0)
Unloading 3823 unused Assets / (0.7 MB). Loaded Objects now: 4349.
Memory consumption went from 96.7 MB to 96.0 MB.
Total: 4.924000 ms (FindLiveObjects: 0.389700 ms CreateObjectMapping: 0.188400 ms MarkObjects: 3.625000 ms  DeleteObjects: 0.720200 ms)

Prepare: number of updated asset objects reloaded= 0
========================================================================
Received Prepare
Refreshing native plugins compatible for Editor in 1.19 ms, found 3 plugins.
Preloading 0 native plugins for Editor in 0.00 ms.
Unloading 0 Unused Serialized files (Serialized files now loaded: 0)
Unloading 3815 unused Assets / (0.9 MB). Loaded Objects now: 4348.
Memory consumption went from 96.9 MB to 96.0 MB.
Total: 4.819300 ms (FindLiveObjects: 0.386800 ms CreateObjectMapping: 0.167700 ms MarkObjects: 3.447100 ms  DeleteObjects: 0.817300 ms)

Prepare: number of updated asset objects reloaded= 0
========================================================================
Received Prepare
Begin MonoManager ReloadAssembly
- Loaded All Assemblies, in  0.560 seconds
Refreshing native plugins compatible for Editor in 1.16 ms, found 3 plugins.
Native extension for WindowsStandalone target not found
[Package Manager] Failed to launch server process. Reason: Unity was launched with the -noUpm command-line argument
[Package Manager] Unable to send message (not connected to server process).
[Package Manager] Cannot connect to Unity Package Manager local server
Mono: successfully reloaded assembly
- Finished resetting the current domain, in  0.464 seconds
Domain Reload Profiling: 1022ms
	BeginReloadAssembly (185ms)
		ExecutionOrderSort (0ms)
		DisableScriptedObjects (5ms)
		BackupInstance (0ms)
		ReleaseScriptingObjects (0ms)
		CreateAndSetChildDomain (40ms)
	RebuildCommonClasses (32ms)
	RebuildNativeTypeToScriptingClass (10ms)
	initialDomainReloadingComplete (26ms)
	LoadAllAssembliesAndSetupDomain (305ms)
		LoadAssemblies (270ms)
		RebuildTransferFunctionScriptingTraits (0ms)
		AnalyzeDomain (131ms)
			TypeCache.Refresh (7ms)
				TypeCache.ScanAssembly (0ms)
			BuildScriptInfoCaches (116ms)
			ResolveRequiredComponents (4ms)
	FinalizeReload (464ms)
		ReleaseScriptCaches (0ms)
		RebuildScriptCaches (0ms)
		SetupLoadedEditorAssemblies (366ms)
			LogAssemblyErrors (0ms)
			InitializePlatformSupportModulesInManaged (12ms)
			SetLoadedEditorAssemblies (4ms)
			BeforeProcessingInitializeOnLoad (89ms)
			ProcessInitializeOnLoadAttributes (233ms)
			ProcessInitializeOnLoadMethodAttributes (20ms)
			AfterProcessingInitializeOnLoad (7ms)
			EditorAssembliesLoaded (0ms)
		ExecutionOrderSort2 (0ms)
		AwakeInstancesAfterBackupRestoration (5ms)
Refreshing native plugins compatible for Editor in 1.20 ms, found 3 plugins.
Preloading 0 native plugins for Editor in 0.00 ms.
Unloading 0 Unused Serialized files (Serialized files now loaded: 0)
Unloading 3822 unused Assets / (0.9 MB). Loaded Objects now: 4348.
Memory consumption went from 96.7 MB to 95.8 MB.
Total: 4.603200 ms (FindLiveObjects: 0.365300 ms CreateObjectMapping: 0.157700 ms MarkObjects: 3.322100 ms  DeleteObjects: 0.757500 ms)

Prepare: number of updated asset objects reloaded= 0
========================================================================
Received Prepare
Refreshing native plugins compatible for Editor in 1.36 ms, found 3 plugins.
Preloading 0 native plugins for Editor in 0.00 ms.
Unloading 0 Unused Serialized files (Serialized files now loaded: 0)
Unloading 3816 unused Assets / (0.8 MB). Loaded Objects now: 4349.
Memory consumption went from 96.9 MB to 96.1 MB.
Total: 4.871200 ms (FindLiveObjects: 0.368300 ms CreateObjectMapping: 0.163000 ms MarkObjects: 3.617300 ms  DeleteObjects: 0.722000 ms)

Prepare: number of updated asset objects reloaded= 0
========================================================================
Received Import Request.
  Time since last request: 81.295869 seconds.
  path: Assets/4_Scripts/PlayerInput.cs
  artifactKey: Guid(472c2064cfe9ce94f933531cf9c7f1b1) Importer(815301076,1909f56bfc062723c751e8b465ee728b)
Start importing Assets/4_Scripts/PlayerInput.cs using Guid(472c2064cfe9ce94f933531cf9c7f1b1) Importer(815301076,1909f56bfc062723c751e8b465ee728b) (PreviewImporter) -> (artifact id: '98cf50b146984a100eb1e02ab11cbd2d') in 0.0035786 seconds
Number of updated asset objects reloaded before import = 0Number of asset objects unloaded after import = 0

========================================================================
Received Prepare
Begin MonoManager ReloadAssembly
- Loaded All Assemblies, in  0.535 seconds
Refreshing native plugins compatible for Editor in 1.17 ms, found 3 plugins.
Native extension for WindowsStandalone target not found
[Package Manager] Failed to launch server process. Reason: Unity was launched with the -noUpm command-line argument
[Package Manager] Unable to send message (not connected to server process).
[Package Manager] Cannot connect to Unity Package Manager local server
Mono: successfully reloaded assembly
- Finished resetting the current domain, in  0.539 seconds
Domain Reload Profiling: 1072ms
	BeginReloadAssembly (173ms)
		ExecutionOrderSort (0ms)
		DisableScriptedObjects (5ms)
		BackupInstance (0ms)
		ReleaseScriptingObjects (0ms)
		CreateAndSetChildDomain (38ms)
	RebuildCommonClasses (30ms)
	RebuildNativeTypeToScriptingClass (10ms)
	initialDomainReloadingComplete (27ms)
	LoadAllAssembliesAndSetupDomain (292ms)
		LoadAssemblies (259ms)
		RebuildTransferFunctionScriptingTraits (0ms)
		AnalyzeDomain (119ms)
			TypeCache.Refresh (6ms)
				TypeCache.ScanAssembly (0ms)
			BuildScriptInfoCaches (106ms)
			ResolveRequiredComponents (4ms)
	FinalizeReload (540ms)
		ReleaseScriptCaches (0ms)
		RebuildScriptCaches (0ms)
		SetupLoadedEditorAssemblies (430ms)
			LogAssemblyErrors (0ms)
			InitializePlatformSupportModulesInManaged (10ms)
			SetLoadedEditorAssemblies (3ms)
			BeforeProcessingInitializeOnLoad (81ms)
			ProcessInitializeOnLoadAttributes (293ms)
			ProcessInitializeOnLoadMethodAttributes (30ms)
			AfterProcessingInitializeOnLoad (11ms)
			EditorAssembliesLoaded (0ms)
		ExecutionOrderSort2 (0ms)
		AwakeInstancesAfterBackupRestoration (8ms)
Refreshing native plugins compatible for Editor in 1.79 ms, found 3 plugins.
Preloading 0 native plugins for Editor in 0.00 ms.
Unloading 0 Unused Serialized files (Serialized files now loaded: 0)
Unloading 3823 unused Assets / (1.0 MB). Loaded Objects now: 4349.
Memory consumption went from 96.7 MB to 95.8 MB.
Total: 6.407100 ms (FindLiveObjects: 0.383700 ms CreateObjectMapping: 0.167300 ms MarkObjects: 4.728000 ms  DeleteObjects: 1.127400 ms)

Prepare: number of updated asset objects reloaded= 0
========================================================================
Received Prepare
Refreshing native plugins compatible for Editor in 1.49 ms, found 3 plugins.
Preloading 0 native plugins for Editor in 0.00 ms.
Unloading 0 Unused Serialized files (Serialized files now loaded: 0)
Unloading 3816 unused Assets / (1.2 MB). Loaded Objects now: 4349.
Memory consumption went from 96.9 MB to 95.7 MB.
Total: 7.190100 ms (FindLiveObjects: 0.572600 ms CreateObjectMapping: 0.229500 ms MarkObjects: 4.895700 ms  DeleteObjects: 1.490600 ms)

Prepare: number of updated asset objects reloaded= 0
========================================================================
Received Prepare
Begin MonoManager ReloadAssembly
- Loaded All Assemblies, in  0.533 seconds
Refreshing native plugins compatible for Editor in 1.46 ms, found 3 plugins.
Native extension for WindowsStandalone target not found
[Package Manager] Failed to launch server process. Reason: Unity was launched with the -noUpm command-line argument
[Package Manager] Unable to send message (not connected to server process).
[Package Manager] Cannot connect to Unity Package Manager local server
Mono: successfully reloaded assembly
- Finished resetting the current domain, in  0.467 seconds
Domain Reload Profiling: 997ms
	BeginReloadAssembly (175ms)
		ExecutionOrderSort (0ms)
		DisableScriptedObjects (5ms)
		BackupInstance (0ms)
		ReleaseScriptingObjects (0ms)
		CreateAndSetChildDomain (39ms)
	RebuildCommonClasses (32ms)
	RebuildNativeTypeToScriptingClass (11ms)
	initialDomainReloadingComplete (25ms)
	LoadAllAssembliesAndSetupDomain (287ms)
		LoadAssemblies (256ms)
		RebuildTransferFunctionScriptingTraits (0ms)
		AnalyzeDomain (117ms)
			TypeCache.Refresh (6ms)
				TypeCache.ScanAssembly (0ms)
			BuildScriptInfoCaches (104ms)
			ResolveRequiredComponents (4ms)
	FinalizeReload (467ms)
		ReleaseScriptCaches (0ms)
		RebuildScriptCaches (0ms)
		SetupLoadedEditorAssemblies (358ms)
			LogAssemblyErrors (0ms)
			InitializePlatformSupportModulesInManaged (11ms)
			SetLoadedEditorAssemblies (3ms)
			BeforeProcessingInitializeOnLoad (80ms)
			ProcessInitializeOnLoadAttributes (237ms)
			ProcessInitializeOnLoadMethodAttributes (21ms)
			AfterProcessingInitializeOnLoad (7ms)
			EditorAssembliesLoaded (0ms)
		ExecutionOrderSort2 (0ms)
		AwakeInstancesAfterBackupRestoration (6ms)
Refreshing native plugins compatible for Editor in 1.35 ms, found 3 plugins.
Preloading 0 native plugins for Editor in 0.00 ms.
Unloading 0 Unused Serialized files (Serialized files now loaded: 0)
Unloading 3823 unused Assets / (1.2 MB). Loaded Objects now: 4349.
Memory consumption went from 96.7 MB to 95.6 MB.
Total: 5.837100 ms (FindLiveObjects: 0.381100 ms CreateObjectMapping: 0.167200 ms MarkObjects: 4.170700 ms  DeleteObjects: 1.117300 ms)

Prepare: number of updated asset objects reloaded= 0
========================================================================
Received Prepare
Refreshing native plugins compatible for Editor in 1.29 ms, found 3 plugins.
Preloading 0 native plugins for Editor in 0.00 ms.
Unloading 0 Unused Serialized files (Serialized files now loaded: 0)
Unloading 3816 unused Assets / (0.9 MB). Loaded Objects now: 4349.
Memory consumption went from 96.9 MB to 96.0 MB.
Total: 7.356400 ms (FindLiveObjects: 0.427700 ms CreateObjectMapping: 0.267700 ms MarkObjects: 5.556100 ms  DeleteObjects: 1.104300 ms)

Prepare: number of updated asset objects reloaded= 0
========================================================================
Received Prepare
Refreshing native plugins compatible for Editor in 1.19 ms, found 3 plugins.
Preloading 0 native plugins for Editor in 0.00 ms.
Unloading 0 Unused Serialized files (Serialized files now loaded: 0)
Unloading 3817 unused Assets / (0.8 MB). Loaded Objects now: 4350.
Memory consumption went from 96.9 MB to 96.1 MB.
Total: 5.427300 ms (FindLiveObjects: 0.389600 ms CreateObjectMapping: 0.170500 ms MarkObjects: 4.171700 ms  DeleteObjects: 0.694900 ms)

Prepare: number of updated asset objects reloaded= 0
========================================================================
Received Import Request.
  Time since last request: 139.240915 seconds.
  path: Assets/4_Scripts/State_Grounded.cs
  artifactKey: Guid(4f45b940bd815fb4dbf31eaef532f771) Importer(815301076,1909f56bfc062723c751e8b465ee728b)
Start importing Assets/4_Scripts/State_Grounded.cs using Guid(4f45b940bd815fb4dbf31eaef532f771) Importer(815301076,1909f56bfc062723c751e8b465ee728b) (PreviewImporter) -> (artifact id: 'e8be4fbb8d529eb366f1e1baddfd6f1f') in 0.0038464 seconds
Number of updated asset objects reloaded before import = 0Number of asset objects unloaded after import = 0

========================================================================
Received Prepare
Refreshing native plugins compatible for Editor in 1.31 ms, found 3 plugins.
Preloading 0 native plugins for Editor in 0.00 ms.
Unloading 0 Unused Serialized files (Serialized files now loaded: 0)
Unloading 3818 unused Assets / (0.8 MB). Loaded Objects now: 4351.
Memory consumption went from 96.9 MB to 96.1 MB.
Total: 4.803700 ms (FindLiveObjects: 0.375500 ms CreateObjectMapping: 0.159500 ms MarkObjects: 3.496700 ms  DeleteObjects: 0.771500 ms)

Prepare: number of updated asset objects reloaded= 0
========================================================================
Received Import Request.
  Time since last request: 39.653175 seconds.
  path: Assets/4_Scripts/State_Airborne.cs
  artifactKey: Guid(0a76d59ea98b75c45a83b2a4f9d06d8d) Importer(815301076,1909f56bfc062723c751e8b465ee728b)
Start importing Assets/4_Scripts/State_Airborne.cs using Guid(0a76d59ea98b75c45a83b2a4f9d06d8d) Importer(815301076,1909f56bfc062723c751e8b465ee728b) (PreviewImporter) -> (artifact id: '11a645b6a8b3bfd53fcebd9b709e9568') in 0.0018578 seconds
Number of updated asset objects reloaded before import = 0Number of asset objects unloaded after import = 0

========================================================================
Received Prepare
Refreshing native plugins compatible for Editor in 1.57 ms, found 3 plugins.
Preloading 0 native plugins for Editor in 0.00 ms.
Unloading 0 Unused Serialized files (Serialized files now loaded: 0)
Unloading 3818 unused Assets / (1.0 MB). Loaded Objects now: 4351.
Memory consumption went from 96.9 MB to 95.9 MB.
Total: 6.840800 ms (FindLiveObjects: 0.459800 ms CreateObjectMapping: 0.225600 ms MarkObjects: 5.061100 ms  DeleteObjects: 1.093600 ms)

Prepare: number of updated asset objects reloaded= 0
========================================================================
Received Prepare
Refreshing native plugins compatible for Editor in 1.33 ms, found 3 plugins.
Preloading 0 native plugins for Editor in 0.00 ms.
Unloading 0 Unused Serialized files (Serialized files now loaded: 0)
Unloading 3818 unused Assets / (0.9 MB). Loaded Objects now: 4351.
Memory consumption went from 96.9 MB to 96.0 MB.
Total: 6.016000 ms (FindLiveObjects: 0.503000 ms CreateObjectMapping: 0.175200 ms MarkObjects: 4.382900 ms  DeleteObjects: 0.954300 ms)

Prepare: number of updated asset objects reloaded= 0
========================================================================
Received Prepare
Refreshing native plugins compatible for Editor in 1.47 ms, found 3 plugins.
Preloading 0 native plugins for Editor in 0.00 ms.
Unloading 0 Unused Serialized files (Serialized files now loaded: 0)
Unloading 3818 unused Assets / (0.9 MB). Loaded Objects now: 4351.
Memory consumption went from 96.9 MB to 96.0 MB.
Total: 6.181900 ms (FindLiveObjects: 0.455600 ms CreateObjectMapping: 0.166000 ms MarkObjects: 4.555400 ms  DeleteObjects: 1.004200 ms)

Prepare: number of updated asset objects reloaded= 0
========================================================================
Received Prepare
Refreshing native plugins compatible for Editor in 1.38 ms, found 3 plugins.
Preloading 0 native plugins for Editor in 0.00 ms.
Unloading 0 Unused Serialized files (Serialized files now loaded: 0)
Unloading 3818 unused Assets / (0.8 MB). Loaded Objects now: 4351.
Memory consumption went from 96.9 MB to 96.1 MB.
Total: 6.546200 ms (FindLiveObjects: 0.548000 ms CreateObjectMapping: 0.182700 ms MarkObjects: 4.871100 ms  DeleteObjects: 0.944000 ms)

Prepare: number of updated asset objects reloaded= 0
========================================================================
Received Prepare
Refreshing native plugins compatible for Editor in 1.21 ms, found 3 plugins.
Preloading 0 native plugins for Editor in 0.00 ms.
Unloading 0 Unused Serialized files (Serialized files now loaded: 0)
Unloading 3818 unused Assets / (0.9 MB). Loaded Objects now: 4351.
Memory consumption went from 96.9 MB to 96.0 MB.
Total: 5.535800 ms (FindLiveObjects: 0.366000 ms CreateObjectMapping: 0.161600 ms MarkObjects: 3.938100 ms  DeleteObjects: 1.069600 ms)

Prepare: number of updated asset objects reloaded= 0
========================================================================
Received Prepare
Refreshing native plugins compatible for Editor in 1.29 ms, found 3 plugins.
Preloading 0 native plugins for Editor in 0.00 ms.
Unloading 0 Unused Serialized files (Serialized files now loaded: 0)
Unloading 3819 unused Assets / (0.7 MB). Loaded Objects now: 4352.
Memory consumption went from 96.9 MB to 96.2 MB.
Total: 5.169200 ms (FindLiveObjects: 0.450700 ms CreateObjectMapping: 0.247800 ms MarkObjects: 3.740600 ms  DeleteObjects: 0.729500 ms)

Prepare: number of updated asset objects reloaded= 0
========================================================================
Received Import Request.
  Time since last request: 454.232782 seconds.
  path: Assets/4_Scripts/CharacterInput.cs
  artifactKey: Guid(13cd3a5771392584ebedb5186c0eb937) Importer(815301076,1909f56bfc062723c751e8b465ee728b)
Start importing Assets/4_Scripts/CharacterInput.cs using Guid(13cd3a5771392584ebedb5186c0eb937) Importer(815301076,1909f56bfc062723c751e8b465ee728b) (PreviewImporter) -> (artifact id: '8f9ccc01de0acbe330c23cb7e4c2e7e3') in 0.0036986 seconds
Number of updated asset objects reloaded before import = 0Number of asset objects unloaded after import = 0

========================================================================
Received Prepare
Refreshing native plugins compatible for Editor in 1.22 ms, found 3 plugins.
Preloading 0 native plugins for Editor in 0.00 ms.
Unloading 0 Unused Serialized files (Serialized files now loaded: 0)
Unloading 3818 unused Assets / (0.9 MB). Loaded Objects now: 4351.
Memory consumption went from 96.9 MB to 96.0 MB.
Total: 5.056500 ms (FindLiveObjects: 0.396500 ms CreateObjectMapping: 0.171900 ms MarkObjects: 3.684700 ms  DeleteObjects: 0.802700 ms)

Prepare: number of updated asset objects reloaded= 0
========================================================================
Received Import Request.
  Time since last request: 12.716438 seconds.
  path: Assets/4_Scripts/PlayerMove.cs
  artifactKey: Guid(7a04f3cee007a90479416251fb21592c) Importer(815301076,1909f56bfc062723c751e8b465ee728b)
Start importing Assets/4_Scripts/PlayerMove.cs using Guid(7a04f3cee007a90479416251fb21592c) Importer(815301076,1909f56bfc062723c751e8b465ee728b) (PreviewImporter) -> (artifact id: 'd65e8b71b56e038d38c1ad61ed6f8c80') in 0.0010773 seconds
Number of updated asset objects reloaded before import = 0Number of asset objects unloaded after import = 0

========================================================================
Received Prepare
Refreshing native plugins compatible for Editor in 1.21 ms, found 3 plugins.
Preloading 0 native plugins for Editor in 0.00 ms.
Unloading 0 Unused Serialized files (Serialized files now loaded: 0)
Unloading 3817 unused Assets / (0.9 MB). Loaded Objects now: 4350.
Memory consumption went from 96.9 MB to 96.0 MB.
Total: 5.546400 ms (FindLiveObjects: 0.398200 ms CreateObjectMapping: 0.163100 ms MarkObjects: 4.164800 ms  DeleteObjects: 0.819700 ms)

Prepare: number of updated asset objects reloaded= 0
========================================================================
Received Prepare
Refreshing native plugins compatible for Editor in 1.43 ms, found 3 plugins.
Preloading 0 native plugins for Editor in 0.00 ms.
Unloading 0 Unused Serialized files (Serialized files now loaded: 0)
Unloading 3817 unused Assets / (0.9 MB). Loaded Objects now: 4350.
Memory consumption went from 96.9 MB to 96.0 MB.
Total: 6.204100 ms (FindLiveObjects: 0.599600 ms CreateObjectMapping: 0.261000 ms MarkObjects: 4.218700 ms  DeleteObjects: 1.124300 ms)

Prepare: number of updated asset objects reloaded= 0
========================================================================
Received Prepare
Refreshing native plugins compatible for Editor in 1.40 ms, found 3 plugins.
Preloading 0 native plugins for Editor in 0.00 ms.
Unloading 0 Unused Serialized files (Serialized files now loaded: 0)
Unloading 3818 unused Assets / (0.8 MB). Loaded Objects now: 4351.
Memory consumption went from 96.9 MB to 96.1 MB.
Total: 4.758200 ms (FindLiveObjects: 0.378300 ms CreateObjectMapping: 0.158300 ms MarkObjects: 3.504000 ms  DeleteObjects: 0.717100 ms)

Prepare: number of updated asset objects reloaded= 0
========================================================================
Received Import Request.
  Time since last request: 33.233738 seconds.
  path: Assets/4_Scripts/CharacterMotor.cs
  artifactKey: Guid(4e0e7611c8eaaf14896d2201de58cc6f) Importer(815301076,1909f56bfc062723c751e8b465ee728b)
Start importing Assets/4_Scripts/CharacterMotor.cs using Guid(4e0e7611c8eaaf14896d2201de58cc6f) Importer(815301076,1909f56bfc062723c751e8b465ee728b) (PreviewImporter) -> (artifact id: 'b1c4ecceb7f3d77a5587b53b2ac2a544') in 0.0020293 seconds
Number of updated asset objects reloaded before import = 0Number of asset objects unloaded after import = 0

========================================================================
Received Prepare
Refreshing native plugins compatible for Editor in 1.37 ms, found 3 plugins.
Preloading 0 native plugins for Editor in 0.00 ms.
Unloading 0 Unused Serialized files (Serialized files now loaded: 0)
Unloading 3818 unused Assets / (0.7 MB). Loaded Objects now: 4351.
Memory consumption went from 96.9 MB to 96.2 MB.
Total: 6.127600 ms (FindLiveObjects: 0.460000 ms CreateObjectMapping: 0.202800 ms MarkObjects: 4.520700 ms  DeleteObjects: 0.943200 ms)

Prepare: number of updated asset objects reloaded= 0
========================================================================
Received Prepare
Refreshing native plugins compatible for Editor in 1.18 ms, found 3 plugins.
Preloading 0 native plugins for Editor in 0.00 ms.
Unloading 0 Unused Serialized files (Serialized files now loaded: 0)
Unloading 3819 unused Assets / (0.8 MB). Loaded Objects now: 4352.
Memory consumption went from 96.9 MB to 96.1 MB.
Total: 5.033000 ms (FindLiveObjects: 0.377500 ms CreateObjectMapping: 0.162000 ms MarkObjects: 3.775000 ms  DeleteObjects: 0.718100 ms)

Prepare: number of updated asset objects reloaded= 0
========================================================================
Received Import Request.
  Time since last request: 64.468142 seconds.
  path: Assets/4_Scripts/State_Grounded_RB.cs
  artifactKey: Guid(ae33220397ab18b46a0941fe550beafd) Importer(815301076,1909f56bfc062723c751e8b465ee728b)
Start importing Assets/4_Scripts/State_Grounded_RB.cs using Guid(ae33220397ab18b46a0941fe550beafd) Importer(815301076,1909f56bfc062723c751e8b465ee728b) (PreviewImporter) -> (artifact id: '658c0f84d4cf24ebdbe5764162052d3b') in 0.0017057 seconds
Number of updated asset objects reloaded before import = 0Number of asset objects unloaded after import = 0

========================================================================
Received Prepare
Refreshing native plugins compatible for Editor in 1.24 ms, found 3 plugins.
Preloading 0 native plugins for Editor in 0.00 ms.
Unloading 0 Unused Serialized files (Serialized files now loaded: 0)
Unloading 3820 unused Assets / (0.7 MB). Loaded Objects now: 4353.
Memory consumption went from 96.9 MB to 96.2 MB.
Total: 4.819500 ms (FindLiveObjects: 0.408900 ms CreateObjectMapping: 0.162000 ms MarkObjects: 3.429600 ms  DeleteObjects: 0.818300 ms)

Prepare: number of updated asset objects reloaded= 0
========================================================================
Received Import Request.
  Time since last request: 18.457890 seconds.
  path: Assets/4_Scripts/State_Airborne_RB.cs
  artifactKey: Guid(b4fc26dcf0092024e8a075b2dea87687) Importer(815301076,1909f56bfc062723c751e8b465ee728b)
Start importing Assets/4_Scripts/State_Airborne_RB.cs using Guid(b4fc26dcf0092024e8a075b2dea87687) Importer(815301076,1909f56bfc062723c751e8b465ee728b) (PreviewImporter) -> (artifact id: 'b6962e40c2a0bbc568260170cc6acebe') in 0.0011572 seconds
Number of updated asset objects reloaded before import = 0Number of asset objects unloaded after import = 0

========================================================================
Received Prepare
Refreshing native plugins compatible for Editor in 1.72 ms, found 3 plugins.
Preloading 0 native plugins for Editor in 0.00 ms.
Unloading 0 Unused Serialized files (Serialized files now loaded: 0)
Unloading 3820 unused Assets / (0.9 MB). Loaded Objects now: 4353.
Memory consumption went from 96.9 MB to 96.0 MB.
Total: 6.989000 ms (FindLiveObjects: 0.603100 ms CreateObjectMapping: 0.276500 ms MarkObjects: 4.931300 ms  DeleteObjects: 1.177300 ms)

Prepare: number of updated asset objects reloaded= 0
========================================================================
Received Prepare
Refreshing native plugins compatible for Editor in 1.83 ms, found 3 plugins.
Preloading 0 native plugins for Editor in 0.00 ms.
Unloading 0 Unused Serialized files (Serialized files now loaded: 0)
Unloading 3820 unused Assets / (0.9 MB). Loaded Objects now: 4353.
Memory consumption went from 96.9 MB to 96.0 MB.
Total: 6.418900 ms (FindLiveObjects: 0.573200 ms CreateObjectMapping: 0.283900 ms MarkObjects: 4.547900 ms  DeleteObjects: 1.013300 ms)

Prepare: number of updated asset objects reloaded= 0
========================================================================
Received Prepare
Refreshing native plugins compatible for Editor in 1.43 ms, found 3 plugins.
Preloading 0 native plugins for Editor in 0.00 ms.
Unloading 0 Unused Serialized files (Serialized files now loaded: 0)
Unloading 3820 unused Assets / (0.9 MB). Loaded Objects now: 4353.
Memory consumption went from 96.9 MB to 96.0 MB.
Total: 4.979500 ms (FindLiveObjects: 0.399300 ms CreateObjectMapping: 0.161600 ms MarkObjects: 3.433100 ms  DeleteObjects: 0.985000 ms)

Prepare: number of updated asset objects reloaded= 0
========================================================================
Received Prepare
Refreshing native plugins compatible for Editor in 1.29 ms, found 3 plugins.
Preloading 0 native plugins for Editor in 0.00 ms.
Unloading 0 Unused Serialized files (Serialized files now loaded: 0)
Unloading 3820 unused Assets / (0.8 MB). Loaded Objects now: 4353.
Memory consumption went from 96.9 MB to 96.1 MB.
Total: 5.764700 ms (FindLiveObjects: 0.455200 ms CreateObjectMapping: 0.189700 ms MarkObjects: 4.200100 ms  DeleteObjects: 0.919200 ms)

Prepare: number of updated asset objects reloaded= 0
========================================================================
Received Import Request.
  Time since last request: 146.302097 seconds.
  path: Assets/4_Scripts/State_Grounded.cs
  artifactKey: Guid(4f45b940bd815fb4dbf31eaef532f771) Importer(815301076,1909f56bfc062723c751e8b465ee728b)
Start importing Assets/4_Scripts/State_Grounded.cs using Guid(4f45b940bd815fb4dbf31eaef532f771) Importer(815301076,1909f56bfc062723c751e8b465ee728b) (PreviewImporter) -> (artifact id: '283eab8fbfba5c92cab726b4e3539a62') in 0.0021919 seconds
Number of updated asset objects reloaded before import = 0Number of asset objects unloaded after import = 0

========================================================================
Received Prepare
Refreshing native plugins compatible for Editor in 1.43 ms, found 3 plugins.
Preloading 0 native plugins for Editor in 0.00 ms.
Unloading 0 Unused Serialized files (Serialized files now loaded: 0)
Unloading 3819 unused Assets / (0.8 MB). Loaded Objects now: 4352.
Memory consumption went from 96.9 MB to 96.1 MB.
Total: 5.112000 ms (FindLiveObjects: 0.389500 ms CreateObjectMapping: 0.175400 ms MarkObjects: 3.773200 ms  DeleteObjects: 0.773200 ms)

Prepare: number of updated asset objects reloaded= 0
========================================================================
Received Prepare
Refreshing native plugins compatible for Editor in 1.15 ms, found 3 plugins.
Preloading 0 native plugins for Editor in 0.00 ms.
Unloading 0 Unused Serialized files (Serialized files now loaded: 0)
Unloading 3818 unused Assets / (0.7 MB). Loaded Objects now: 4351.
Memory consumption went from 96.9 MB to 96.2 MB.
Total: 4.831900 ms (FindLiveObjects: 0.380700 ms CreateObjectMapping: 0.161200 ms MarkObjects: 3.585700 ms  DeleteObjects: 0.703700 ms)

Prepare: number of updated asset objects reloaded= 0
========================================================================
Received Prepare
Begin MonoManager ReloadAssembly
- Loaded All Assemblies, in  0.663 seconds
Refreshing native plugins compatible for Editor in 1.38 ms, found 3 plugins.
Native extension for WindowsStandalone target not found
[Package Manager] Failed to launch server process. Reason: Unity was launched with the -noUpm command-line argument
[Package Manager] Unable to send message (not connected to server process).
[Package Manager] Cannot connect to Unity Package Manager local server
Mono: successfully reloaded assembly
- Finished resetting the current domain, in  0.456 seconds
Domain Reload Profiling: 1117ms
	BeginReloadAssembly (273ms)
		ExecutionOrderSort (0ms)
		DisableScriptedObjects (5ms)
		BackupInstance (0ms)
		ReleaseScriptingObjects (0ms)
		CreateAndSetChildDomain (41ms)
	RebuildCommonClasses (36ms)
	RebuildNativeTypeToScriptingClass (10ms)
	initialDomainReloadingComplete (27ms)
	LoadAllAssembliesAndSetupDomain (315ms)
		LoadAssemblies (360ms)
		RebuildTransferFunctionScriptingTraits (0ms)
		AnalyzeDomain (139ms)
			TypeCache.Refresh (7ms)
				TypeCache.ScanAssembly (0ms)
			BuildScriptInfoCaches (125ms)
			ResolveRequiredComponents (4ms)
	FinalizeReload (456ms)
		ReleaseScriptCaches (0ms)
		RebuildScriptCaches (0ms)
		SetupLoadedEditorAssemblies (356ms)
			LogAssemblyErrors (0ms)
			InitializePlatformSupportModulesInManaged (11ms)
			SetLoadedEditorAssemblies (3ms)
			BeforeProcessingInitializeOnLoad (78ms)
			ProcessInitializeOnLoadAttributes (237ms)
			ProcessInitializeOnLoadMethodAttributes (20ms)
			AfterProcessingInitializeOnLoad (8ms)
			EditorAssembliesLoaded (0ms)
		ExecutionOrderSort2 (0ms)
		AwakeInstancesAfterBackupRestoration (5ms)
Refreshing native plugins compatible for Editor in 1.21 ms, found 3 plugins.
Preloading 0 native plugins for Editor in 0.00 ms.
Unloading 0 Unused Serialized files (Serialized files now loaded: 0)
Unloading 3825 unused Assets / (1.0 MB). Loaded Objects now: 4351.
Memory consumption went from 96.7 MB to 95.7 MB.
Total: 4.921500 ms (FindLiveObjects: 0.399200 ms CreateObjectMapping: 0.170400 ms MarkObjects: 3.418200 ms  DeleteObjects: 0.933100 ms)

Prepare: number of updated asset objects reloaded= 0
========================================================================
Received Import Request.
  Time since last request: 66.414141 seconds.
  path: ProjectSettings/TagManager.asset
  artifactKey: Guid(00000000000000003000000000000000) Importer(815301076,1909f56bfc062723c751e8b465ee728b)
Start importing ProjectSettings/TagManager.asset using Guid(00000000000000003000000000000000) Importer(815301076,1909f56bfc062723c751e8b465ee728b) (PreviewImporter) -> (artifact id: 'be09f2ddbe212c56907233aba085a71d') in 0.0174459 seconds
Number of updated asset objects reloaded before import = 0Number of asset objects unloaded after import = 0

========================================================================
Received Prepare
Begin MonoManager ReloadAssembly
- Loaded All Assemblies, in  0.541 seconds
Refreshing native plugins compatible for Editor in 1.30 ms, found 3 plugins.
Native extension for WindowsStandalone target not found
[Package Manager] Failed to launch server process. Reason: Unity was launched with the -noUpm command-line argument
[Package Manager] Unable to send message (not connected to server process).
[Package Manager] Cannot connect to Unity Package Manager local server
Mono: successfully reloaded assembly
- Finished resetting the current domain, in  0.510 seconds
Domain Reload Profiling: 1050ms
	BeginReloadAssembly (181ms)
		ExecutionOrderSort (0ms)
		DisableScriptedObjects (7ms)
		BackupInstance (0ms)
		ReleaseScriptingObjects (0ms)
		CreateAndSetChildDomain (39ms)
	RebuildCommonClasses (34ms)
	RebuildNativeTypeToScriptingClass (10ms)
	initialDomainReloadingComplete (26ms)
	LoadAllAssembliesAndSetupDomain (288ms)
		LoadAssemblies (267ms)
		RebuildTransferFunctionScriptingTraits (0ms)
		AnalyzeDomain (112ms)
			TypeCache.Refresh (5ms)
				TypeCache.ScanAssembly (0ms)
			BuildScriptInfoCaches (101ms)
			ResolveRequiredComponents (4ms)
	FinalizeReload (511ms)
		ReleaseScriptCaches (0ms)
		RebuildScriptCaches (0ms)
		SetupLoadedEditorAssemblies (399ms)
			LogAssemblyErrors (0ms)
			InitializePlatformSupportModulesInManaged (12ms)
			SetLoadedEditorAssemblies (4ms)
			BeforeProcessingInitializeOnLoad (92ms)
			ProcessInitializeOnLoadAttributes (261ms)
			ProcessInitializeOnLoadMethodAttributes (22ms)
			AfterProcessingInitializeOnLoad (8ms)
			EditorAssembliesLoaded (0ms)
		ExecutionOrderSort2 (0ms)
		AwakeInstancesAfterBackupRestoration (6ms)
Refreshing native plugins compatible for Editor in 1.25 ms, found 3 plugins.
Preloading 0 native plugins for Editor in 0.00 ms.
Unloading 0 Unused Serialized files (Serialized files now loaded: 0)
Unloading 3826 unused Assets / (0.9 MB). Loaded Objects now: 4352.
Memory consumption went from 96.7 MB to 95.9 MB.
Total: 5.037300 ms (FindLiveObjects: 0.389800 ms CreateObjectMapping: 0.200100 ms MarkObjects: 3.588100 ms  DeleteObjects: 0.858400 ms)

Prepare: number of updated asset objects reloaded= 0
========================================================================
Received Prepare
Begin MonoManager ReloadAssembly
- Loaded All Assemblies, in  0.532 seconds
Refreshing native plugins compatible for Editor in 1.21 ms, found 3 plugins.
Native extension for WindowsStandalone target not found
[Package Manager] Failed to launch server process. Reason: Unity was launched with the -noUpm command-line argument
[Package Manager] Unable to send message (not connected to server process).
[Package Manager] Cannot connect to Unity Package Manager local server
Mono: successfully reloaded assembly
- Finished resetting the current domain, in  0.504 seconds
Domain Reload Profiling: 1035ms
	BeginReloadAssembly (173ms)
		ExecutionOrderSort (0ms)
		DisableScriptedObjects (5ms)
		BackupInstance (0ms)
		ReleaseScriptingObjects (0ms)
		CreateAndSetChildDomain (37ms)
	RebuildCommonClasses (37ms)
	RebuildNativeTypeToScriptingClass (11ms)
	initialDomainReloadingComplete (26ms)
	LoadAllAssembliesAndSetupDomain (284ms)
		LoadAssemblies (255ms)
		RebuildTransferFunctionScriptingTraits (0ms)
		AnalyzeDomain (116ms)
			TypeCache.Refresh (6ms)
				TypeCache.ScanAssembly (0ms)
			BuildScriptInfoCaches (102ms)
			ResolveRequiredComponents (4ms)
	FinalizeReload (505ms)
		ReleaseScriptCaches (0ms)
		RebuildScriptCaches (0ms)
		SetupLoadedEditorAssemblies (398ms)
			LogAssemblyErrors (0ms)
			InitializePlatformSupportModulesInManaged (11ms)
			SetLoadedEditorAssemblies (4ms)
			BeforeProcessingInitializeOnLoad (88ms)
			ProcessInitializeOnLoadAttributes (265ms)
			ProcessInitializeOnLoadMethodAttributes (22ms)
			AfterProcessingInitializeOnLoad (9ms)
			EditorAssembliesLoaded (0ms)
		ExecutionOrderSort2 (0ms)
		AwakeInstancesAfterBackupRestoration (6ms)
Refreshing native plugins compatible for Editor in 1.49 ms, found 3 plugins.
Preloading 0 native plugins for Editor in 0.00 ms.
Unloading 0 Unused Serialized files (Serialized files now loaded: 0)
Unloading 3825 unused Assets / (1.0 MB). Loaded Objects now: 4352.
Memory consumption went from 96.7 MB to 95.8 MB.
Total: 5.087900 ms (FindLiveObjects: 0.420100 ms CreateObjectMapping: 0.220400 ms MarkObjects: 3.493400 ms  DeleteObjects: 0.953300 ms)

Prepare: number of updated asset objects reloaded= 0
========================================================================
Received Import Request.
  Time since last request: 365.210341 seconds.
  path: Assets/InputSystem_Actions.inputactions
  artifactKey: Guid(289c1b55c9541489481df5cc06664110) Importer(2089858483,192608db42251d675da83286b1cce702)
Start importing Assets/InputSystem_Actions.inputactions using Guid(289c1b55c9541489481df5cc06664110) Importer(2089858483,192608db42251d675da83286b1cce702) (ScriptedImporter) -> (artifact id: '2345a12915e564d34dfdd8578defbe04') in 0.2631942 seconds
Number of updated asset objects reloaded before import = 0Number of asset objects unloaded after import = 21

========================================================================
Received Import Request.
  Time since last request: 0.000019 seconds.
  path: Assets/2_Models/TheCogofTime-Model_FBX/stage2_main_character_fbx/stage2_main_character_walk_back.fbx
  artifactKey: Guid(8165f571df881f04b97667e9310afa9d) Importer(2089858483,192608db42251d675da83286b1cce702)
Start importing Assets/2_Models/TheCogofTime-Model_FBX/stage2_main_character_fbx/stage2_main_character_walk_back.fbx using Guid(8165f571df881f04b97667e9310afa9d) Importer(2089858483,192608db42251d675da83286b1cce702) (ScriptedImporter) -> (artifact id: '1477bfed75892c6872f5ec2d5c433891') in 0.0759711 seconds
Number of updated asset objects reloaded before import = 0Number of asset objects unloaded after import = 87

========================================================================
Received Import Request.
  Time since last request: 0.000028 seconds.
  path: Assets/2_Models/TheCogofTime-Model_FBX/stage3_main_character_motion/stage3_main_character_kicking.fbx
  artifactKey: Guid(71b4a20fdb6329e4c8e13b7b8f919cff) Importer(2089858483,192608db42251d675da83286b1cce702)
Start importing Assets/2_Models/TheCogofTime-Model_FBX/stage3_main_character_motion/stage3_main_character_kicking.fbx using Guid(71b4a20fdb6329e4c8e13b7b8f919cff) Importer(2089858483,192608db42251d675da83286b1cce702) (ScriptedImporter) -> (artifact id: '84f4560f383bee859f15115ad9cba16d') in 0.0263985 seconds
Number of updated asset objects reloaded before import = 0Number of asset objects unloaded after import = 135

========================================================================
Received Import Request.
  Time since last request: 0.000018 seconds.
  path: Assets/2_Models/TheCogofTime-Model_FBX/monster_motion/general_monster_running.fbx
  artifactKey: Guid(e18b18d015cd21745bcb0c93c8e1d362) Importer(2089858483,192608db42251d675da83286b1cce702)
Start importing Assets/2_Models/TheCogofTime-Model_FBX/monster_motion/general_monster_running.fbx using Guid(e18b18d015cd21745bcb0c93c8e1d362) Importer(2089858483,192608db42251d675da83286b1cce702) (ScriptedImporter) -> (artifact id: '2e4c34b541e1df004fea1521b626399c') in 0.0252866 seconds
Number of updated asset objects reloaded before import = 0Number of asset objects unloaded after import = 103

========================================================================
Received Import Request.
  Time since last request: 0.000018 seconds.
  path: Assets/2_Models/TheCogofTime-Model_FBX/stage3_main_character_motion/stage3_main_character_dap_pose.fbx
  artifactKey: Guid(8fc9858e5b0e8d2409a430a1c23841e9) Importer(2089858483,192608db42251d675da83286b1cce702)
Start importing Assets/2_Models/TheCogofTime-Model_FBX/stage3_main_character_motion/stage3_main_character_dap_pose.fbx using Guid(8fc9858e5b0e8d2409a430a1c23841e9) Importer(2089858483,192608db42251d675da83286b1cce702) (ScriptedImporter) -> (artifact id: '8622d94a7d3b0509dd97148f118edcae') in 0.0262403 seconds
Number of updated asset objects reloaded before import = 0Number of asset objects unloaded after import = 135

========================================================================
Received Import Request.
  Time since last request: 0.000018 seconds.
  path: Assets/2_Models/TheCogofTime-Model_FBX/weapons/stage2_main_character_weapon_club.fbx
  artifactKey: Guid(164b7c34aa6f326488e83c1f4e58ae89) Importer(2089858483,192608db42251d675da83286b1cce702)
Start importing Assets/2_Models/TheCogofTime-Model_FBX/weapons/stage2_main_character_weapon_club.fbx using Guid(164b7c34aa6f326488e83c1f4e58ae89) Importer(2089858483,192608db42251d675da83286b1cce702) (ScriptedImporter) -> (artifact id: 'ad6d57cbde161031f24402d7627018d2') in 0.0429278 seconds
Number of updated asset objects reloaded before import = 0Number of asset objects unloaded after import = 18

========================================================================
Received Import Request.
  Time since last request: 0.000021 seconds.
  path: Assets/2_Models/TheCogofTime-Model_FBX/monster_motion/general_monster_jump_attack.fbx
  artifactKey: Guid(f353ab79cbb838f46b3906eda564041c) Importer(2089858483,192608db42251d675da83286b1cce702)
Start importing Assets/2_Models/TheCogofTime-Model_FBX/monster_motion/general_monster_jump_attack.fbx using Guid(f353ab79cbb838f46b3906eda564041c) Importer(2089858483,192608db42251d675da83286b1cce702) (ScriptedImporter) -> (artifact id: '90541979697bb254c84592c70120f34c') in 0.0287592 seconds
Number of updated asset objects reloaded before import = 0Number of asset objects unloaded after import = 103

========================================================================
Received Import Request.
  Time since last request: 0.000017 seconds.
  path: Assets/2_Models/TheCogofTime-Model_FBX/stage2_main_character_fbx/stage2_main_character_running_forward.fbx
  artifactKey: Guid(009ff6b4fc6bc224db5ac6de7b87a23f) Importer(2089858483,192608db42251d675da83286b1cce702)
Start importing Assets/2_Models/TheCogofTime-Model_FBX/stage2_main_character_fbx/stage2_main_character_running_forward.fbx using Guid(009ff6b4fc6bc224db5ac6de7b87a23f) Importer(2089858483,192608db42251d675da83286b1cce702) (ScriptedImporter) -> (artifact id: '6e11ccb70dfadd47059067e743baad91') in 0.0244862 seconds
Number of updated asset objects reloaded before import = 0Number of asset objects unloaded after import = 87

========================================================================
Received Import Request.
  Time since last request: 0.000017 seconds.
  path: Assets/2_Models/TheCogofTime-Model_FBX/stage3_main_character_motion/stage3_main_character_uppercut_combo.fbx
  artifactKey: Guid(ce7b83b508e1f054cb100e7d9a5ec25d) Importer(2089858483,192608db42251d675da83286b1cce702)
Start importing Assets/2_Models/TheCogofTime-Model_FBX/stage3_main_character_motion/stage3_main_character_uppercut_combo.fbx using Guid(ce7b83b508e1f054cb100e7d9a5ec25d) Importer(2089858483,192608db42251d675da83286b1cce702) (ScriptedImporter) -> (artifact id: 'de88f4a7b6899f0aa02fbf2ee9a3d34b') in 0.025369 seconds
Number of updated asset objects reloaded before import = 0Number of asset objects unloaded after import = 135

========================================================================
Received Import Request.
  Time since last request: 0.000021 seconds.
  path: Assets/2_Models/TheCogofTime-Model_FBX/stage2_main_character_fbx/stage2_main_character_jump_running.fbx
  artifactKey: Guid(7e6c60a4271d8c74bac938354ca6cc96) Importer(2089858483,192608db42251d675da83286b1cce702)
Start importing Assets/2_Models/TheCogofTime-Model_FBX/stage2_main_character_fbx/stage2_main_character_jump_running.fbx using Guid(7e6c60a4271d8c74bac938354ca6cc96) Importer(2089858483,192608db42251d675da83286b1cce702) (ScriptedImporter) -> (artifact id: 'd164d233709bebd7e7af57076c2565c8') in 0.0257243 seconds
Number of updated asset objects reloaded before import = 0Number of asset objects unloaded after import = 87

========================================================================
Received Import Request.
  Time since last request: 0.000026 seconds.
  path: Assets/4_Scripts/State_Airborne_RB.cs
  artifactKey: Guid(b4fc26dcf0092024e8a075b2dea87687) Importer(2089858483,192608db42251d675da83286b1cce702)
Start importing Assets/4_Scripts/State_Airborne_RB.cs using Guid(b4fc26dcf0092024e8a075b2dea87687) Importer(2089858483,192608db42251d675da83286b1cce702) (ScriptedImporter) -> (artifact id: 'f87621de00db6ff0be988d2ce4b608c9') in 0.0143066 seconds
Number of updated asset objects reloaded before import = 0Number of asset objects unloaded after import = 0

========================================================================
Received Import Request.
  Time since last request: 0.000066 seconds.
  path: Assets/2_Models/TheCogofTime-Model_FBX/monster_motion/general_monster_walking.fbx
  artifactKey: Guid(27a313b3cf398e3458c4c1565b76f60c) Importer(2089858483,192608db42251d675da83286b1cce702)
Start importing Assets/2_Models/TheCogofTime-Model_FBX/monster_motion/general_monster_walking.fbx using Guid(27a313b3cf398e3458c4c1565b76f60c) Importer(2089858483,192608db42251d675da83286b1cce702) (ScriptedImporter) -> (artifact id: '99ddbadbfe3dba3bc58a0d2e142c5129') in 0.0242487 seconds
Number of updated asset objects reloaded before import = 0Number of asset objects unloaded after import = 103

========================================================================
Received Import Request.
  Time since last request: 0.000019 seconds.
  path: Assets/2_Models/TheCogofTime-Model_FBX/stage2_boss_motion/stage2_boss.fbx
  artifactKey: Guid(891c09ec30786174b9b9f477ce65bdf8) Importer(2089858483,192608db42251d675da83286b1cce702)
Start importing Assets/2_Models/TheCogofTime-Model_FBX/stage2_boss_motion/stage2_boss.fbx using Guid(891c09ec30786174b9b9f477ce65bdf8) Importer(2089858483,192608db42251d675da83286b1cce702) (ScriptedImporter) -> (artifact id: 'a0010fde1beb9e041351b05d97ef5092') in 0.0323752 seconds
Number of updated asset objects reloaded before import = 0Number of asset objects unloaded after import = 29

========================================================================
Received Import Request.
  Time since last request: 0.000015 seconds.
  path: Assets/2_Models/TheCogofTime-Model_FBX/stage1_boss_motion/stage1 boss.fbx
  artifactKey: Guid(9f78828ea2ad40c4ba6f658e537afee2) Importer(2089858483,192608db42251d675da83286b1cce702)
Start importing Assets/2_Models/TheCogofTime-Model_FBX/stage1_boss_motion/stage1 boss.fbx using Guid(9f78828ea2ad40c4ba6f658e537afee2) Importer(2089858483,192608db42251d675da83286b1cce702) (ScriptedImporter) -> (artifact id: '352e4505f0467f10f1d9dce79a772287') in 0.025695 seconds
Number of updated asset objects reloaded before import = 0Number of asset objects unloaded after import = 18

========================================================================
Received Import Request.
  Time since last request: 0.000017 seconds.
  path: Assets/1_Scenes/SampleScene.unity
  artifactKey: Guid(9fc0d4010bbf28b4594072e72b8655ab) Importer(2089858483,192608db42251d675da83286b1cce702)
Start importing Assets/1_Scenes/SampleScene.unity using Guid(9fc0d4010bbf28b4594072e72b8655ab) Importer(2089858483,192608db42251d675da83286b1cce702) (ScriptedImporter) -> (artifact id: 'd2abc66916df8a26b90c442f54fec435') in 0.0196624 seconds
Number of updated asset objects reloaded before import = 0Number of asset objects unloaded after import = 1

========================================================================
Received Import Request.
  Time since last request: 0.000034 seconds.
  path: Assets/2_Models/TheCogofTime-Model_FBX/stage1_boss_motion/stage1_boss_taunt_gesture.fbx
  artifactKey: Guid(d37d0e7b564845a489294cf6916f670a) Importer(2089858483,192608db42251d675da83286b1cce702)
Start importing Assets/2_Models/TheCogofTime-Model_FBX/stage1_boss_motion/stage1_boss_taunt_gesture.fbx using Guid(d37d0e7b564845a489294cf6916f670a) Importer(2089858483,192608db42251d675da83286b1cce702) (ScriptedImporter) -> (artifact id: '7f91d53ef6d79f6bff0e593cda6da2ed') in 0.0254796 seconds
Number of updated asset objects reloaded before import = 0Number of asset objects unloaded after import = 71

========================================================================
Received Import Request.
  Time since last request: 0.000017 seconds.
  path: Assets/4_Scripts/TirdPersonCameraMove.cs
  artifactKey: Guid(0bbdeefcda743144eafd73fe89d482fe) Importer(2089858483,192608db42251d675da83286b1cce702)
Start importing Assets/4_Scripts/TirdPersonCameraMove.cs using Guid(0bbdeefcda743144eafd73fe89d482fe) Importer(2089858483,192608db42251d675da83286b1cce702) (ScriptedImporter) -> (artifact id: '590ad0ace48a3c5898095e32856368bb') in 0.0095628 seconds
Number of updated asset objects reloaded before import = 0Number of asset objects unloaded after import = 0

========================================================================
Received Import Request.
  Time since last request: 0.000052 seconds.
  path: Assets/2_Models/TheCogofTime-Model_FBX/stage1_main_character/stage1_main_character.fbx
  artifactKey: Guid(cb1b17cbb5f59814182be6796498d52c) Importer(2089858483,192608db42251d675da83286b1cce702)
Start importing Assets/2_Models/TheCogofTime-Model_FBX/stage1_main_character/stage1_main_character.fbx using Guid(cb1b17cbb5f59814182be6796498d52c) Importer(2089858483,192608db42251d675da83286b1cce702) (ScriptedImporter) -> (artifact id: 'c549dfd1b97d4c126085b24e1d5cfd68') in 0.0429206 seconds
Number of updated asset objects reloaded before import = 0Number of asset objects unloaded after import = 174

========================================================================
Received Import Request.
  Time since last request: 0.000016 seconds.
  path: Assets/2_Models/TheCogofTime-Model_FBX/stage3_main_character_motion/stage3_main_character_strong_arm_pose.fbx
  artifactKey: Guid(acee9d28d82107c41891cb95d03cd110) Importer(2089858483,192608db42251d675da83286b1cce702)
Start importing Assets/2_Models/TheCogofTime-Model_FBX/stage3_main_character_motion/stage3_main_character_strong_arm_pose.fbx using Guid(acee9d28d82107c41891cb95d03cd110) Importer(2089858483,192608db42251d675da83286b1cce702) (ScriptedImporter) -> (artifact id: 'ae8c538aaf383170aca88abbcfd027f6') in 0.0329896 seconds
Number of updated asset objects reloaded before import = 0Number of asset objects unloaded after import = 135

========================================================================
Received Import Request.
  Time since last request: 0.000020 seconds.
  path: Assets/2_Models/TheCogofTime-Model_FBX/stage3_main_character_motion/stage3_main_character_strong_right_punch.fbx
  artifactKey: Guid(73ca3dd75cf11184ab128fc0a31e72c1) Importer(2089858483,192608db42251d675da83286b1cce702)
Start importing Assets/2_Models/TheCogofTime-Model_FBX/stage3_main_character_motion/stage3_main_character_strong_right_punch.fbx using Guid(73ca3dd75cf11184ab128fc0a31e72c1) Importer(2089858483,192608db42251d675da83286b1cce702) (ScriptedImporter) -> (artifact id: 'c6db0e71063e15efea9c5470b48d2e28') in 0.0232305 seconds
Number of updated asset objects reloaded before import = 0Number of asset objects unloaded after import = 135

========================================================================
Received Import Request.
  Time since last request: 0.000025 seconds.
  path: Assets/2_Models/TheCogofTime-Model_FBX/stage2_boss_motion/stage2_boss_taunt_gesture.fbx
  artifactKey: Guid(25e345e1c22198144a30211c6dce1b2b) Importer(2089858483,192608db42251d675da83286b1cce702)
Start importing Assets/2_Models/TheCogofTime-Model_FBX/stage2_boss_motion/stage2_boss_taunt_gesture.fbx using Guid(25e345e1c22198144a30211c6dce1b2b) Importer(2089858483,192608db42251d675da83286b1cce702) (ScriptedImporter) -> (artifact id: 'f88a5d2b3fde5b67f0fd548e352cd58f') in 0.0240129 seconds
Number of updated asset objects reloaded before import = 0Number of asset objects unloaded after import = 135

========================================================================
Received Import Request.
  Time since last request: 0.000018 seconds.
  path: Assets/2_Models/TheCogofTime-Model_FBX/stage3_main_character_motion/stage3_main_character_right_hand_punch.fbx
  artifactKey: Guid(6b0606de778813a4483b9e0bff0510cd) Importer(2089858483,192608db42251d675da83286b1cce702)
Start importing Assets/2_Models/TheCogofTime-Model_FBX/stage3_main_character_motion/stage3_main_character_right_hand_punch.fbx using Guid(6b0606de778813a4483b9e0bff0510cd) Importer(2089858483,192608db42251d675da83286b1cce702) (ScriptedImporter) -> (artifact id: 'bec6fc52b41a39c6f58658e6ec03cd22') in 0.0255804 seconds
Number of updated asset objects reloaded before import = 0Number of asset objects unloaded after import = 135

========================================================================
Received Import Request.
  Time since last request: 0.000020 seconds.
  path: Assets/2_Models/TheCogofTime-Model_FBX/stage1_main_character/stage1_main_character_breathing_idle.fbx
  artifactKey: Guid(e0bc3e9d393c4574c9f36371fb7d3235) Importer(2089858483,192608db42251d675da83286b1cce702)
Start importing Assets/2_Models/TheCogofTime-Model_FBX/stage1_main_character/stage1_main_character_breathing_idle.fbx using Guid(e0bc3e9d393c4574c9f36371fb7d3235) Importer(2089858483,192608db42251d675da83286b1cce702) (ScriptedImporter) -> (artifact id: 'a2ecbb2f086df268b28b91b3e45e2b3a') in 0.025671 seconds
Number of updated asset objects reloaded before import = 0Number of asset objects unloaded after import = 103

========================================================================
Received Import Request.
  Time since last request: 0.000017 seconds.
  path: Assets/2_Models/TheCogofTime-Model_FBX/stage2_boss_motion/stage2_boss_jump_attack.fbx
  artifactKey: Guid(f329abba87f1c064a9892a3d2a2a62a3) Importer(2089858483,192608db42251d675da83286b1cce702)
Start importing Assets/2_Models/TheCogofTime-Model_FBX/stage2_boss_motion/stage2_boss_jump_attack.fbx using Guid(f329abba87f1c064a9892a3d2a2a62a3) Importer(2089858483,192608db42251d675da83286b1cce702) (ScriptedImporter) -> (artifact id: '071907fb11d41bddee19bac550236574') in 0.0283792 seconds
Number of updated asset objects reloaded before import = 0Number of asset objects unloaded after import = 135

========================================================================
Received Import Request.
  Time since last request: 0.000020 seconds.
  path: Assets/2_Models/TheCogofTime-Model_FBX/stage2_main_character_fbx/stage2_main_character_Attack_Downward .fbx
  artifactKey: Guid(058f17ab75c71844dbcae631f0bac6d3) Importer(2089858483,192608db42251d675da83286b1cce702)
Start importing Assets/2_Models/TheCogofTime-Model_FBX/stage2_main_character_fbx/stage2_main_character_Attack_Downward .fbx using Guid(058f17ab75c71844dbcae631f0bac6d3) Importer(2089858483,192608db42251d675da83286b1cce702) (ScriptedImporter) -> (artifact id: '1d15bc25f94a329c13369e4350638361') in 0.0300229 seconds
Number of updated asset objects reloaded before import = 0Number of asset objects unloaded after import = 87

========================================================================
Received Import Request.
  Time since last request: 0.000016 seconds.
  path: Assets/2_Models/TheCogofTime-Model_FBX/stage2_main_character_fbx/stage2_main_character_walking.fbx
  artifactKey: Guid(e806de20104c96a4189cb47cb58b5c62) Importer(2089858483,192608db42251d675da83286b1cce702)
Start importing Assets/2_Models/TheCogofTime-Model_FBX/stage2_main_character_fbx/stage2_main_character_walking.fbx using Guid(e806de20104c96a4189cb47cb58b5c62) Importer(2089858483,192608db42251d675da83286b1cce702) (ScriptedImporter) -> (artifact id: '17bd77d387b312db45b551f728807dc3') in 0.0284207 seconds
Number of updated asset objects reloaded before import = 0Number of asset objects unloaded after import = 87

========================================================================
Received Import Request.
  Time since last request: 0.000019 seconds.
  path: Assets/2_Models/TheCogofTime-Model_FBX/stage1_boss_motion/stage1_boss_wooops_smash.fbx
  artifactKey: Guid(5ce54971eee0b50468cb6e17f9cc2682) Importer(2089858483,192608db42251d675da83286b1cce702)
Start importing Assets/2_Models/TheCogofTime-Model_FBX/stage1_boss_motion/stage1_boss_wooops_smash.fbx using Guid(5ce54971eee0b50468cb6e17f9cc2682) Importer(2089858483,192608db42251d675da83286b1cce702) (ScriptedImporter) -> (artifact id: '46493bb69de2f3b6eca2e335a62f1c05') in 0.029501 seconds
Number of updated asset objects reloaded before import = 0Number of asset objects unloaded after import = 71

========================================================================
Received Import Request.
  Time since last request: 0.000019 seconds.
  path: Assets/6_Animation/Stage1_Player_AnimControl.controller
  artifactKey: Guid(9e397375923d6ca4fab5333480bced4c) Importer(2089858483,192608db42251d675da83286b1cce702)
Start importing Assets/6_Animation/Stage1_Player_AnimControl.controller using Guid(9e397375923d6ca4fab5333480bced4c) Importer(2089858483,192608db42251d675da83286b1cce702) (ScriptedImporter) -> (artifact id: '19411f69a2adf0194b4d734e1d4b69b2') in 0.0301106 seconds
Number of updated asset objects reloaded before import = 0Number of asset objects unloaded after import = 2

========================================================================
Received Import Request.
  Time since last request: 0.000022 seconds.
  path: Assets/2_Models/TheCogofTime-Model_FBX/stage2_main_character_fbx/stage2_main_character_jump_attack.fbx
  artifactKey: Guid(c8a37479550320c47ab4e45d806cbbb3) Importer(2089858483,192608db42251d675da83286b1cce702)
Start importing Assets/2_Models/TheCogofTime-Model_FBX/stage2_main_character_fbx/stage2_main_character_jump_attack.fbx using Guid(c8a37479550320c47ab4e45d806cbbb3) Importer(2089858483,192608db42251d675da83286b1cce702) (ScriptedImporter) -> (artifact id: '232fbba240dc5560678e1fc39c3f6958') in 0.02581 seconds
Number of updated asset objects reloaded before import = 0Number of asset objects unloaded after import = 87

========================================================================
Received Import Request.
  Time since last request: 0.000024 seconds.
  path: Assets/2_Models/TheCogofTime-Model_FBX/weapons/stage1_main_character_weapon_flame_thrower.fbx
  artifactKey: Guid(13a4ac911b7c4a14380cd2ba1420e4cf) Importer(2089858483,192608db42251d675da83286b1cce702)
Start importing Assets/2_Models/TheCogofTime-Model_FBX/weapons/stage1_main_character_weapon_flame_thrower.fbx using Guid(13a4ac911b7c4a14380cd2ba1420e4cf) Importer(2089858483,192608db42251d675da83286b1cce702) (ScriptedImporter) -> (artifact id: '57c34e204713e64c6b4546de73e54b07') in 0.0376372 seconds
Number of updated asset objects reloaded before import = 0Number of asset objects unloaded after import = 17

========================================================================
Received Import Request.
  Time since last request: 0.000017 seconds.
  path: Assets/4_Scripts/State_Grounded_RB.cs
  artifactKey: Guid(ae33220397ab18b46a0941fe550beafd) Importer(2089858483,192608db42251d675da83286b1cce702)
Start importing Assets/4_Scripts/State_Grounded_RB.cs using Guid(ae33220397ab18b46a0941fe550beafd) Importer(2089858483,192608db42251d675da83286b1cce702) (ScriptedImporter) -> (artifact id: '6a620f909ec557e963eb37fc70c5f7e0') in 0.0135503 seconds
Number of updated asset objects reloaded before import = 0Number of asset objects unloaded after import = 0

