Using pre-set license
Built from '6000.0/staging' branch; Version is '6000.0.57f1 (b7b9860b7bbd) revision 12040582'; Using compiler version '193933523'; Build Type 'Release'
OS: 'Windows 11  (10.0.26200) 64bit Core' Language: 'ko' Physical Memory: 32656 MB
BatchMode: 1, IsHumanControllingUs: 0, StartBugReporterOnCrash: 0, Is64bit: 1
Date: 2025-10-15T11:25:03Z

COMMAND LINE ARGUMENTS:
C:\Program Files\Unity\Hub\Editor\6000.0.57f1\Editor\Unity.exe
-adb2
-batchMode
-noUpm
-name
AssetImportWorker1
-projectPath
C:/Users/PC/Desktop/TheCogOfTime/TheCogOfTime
-logFile
Logs/AssetImportWorker1.log
-srvPort
61367
-job-worker-count
5
-background-job-worker-count
8
-gc-helper-count
1
-name
AssetImport
Successfully changed project path to: C:/Users/PC/Desktop/TheCogOfTime/TheCogOfTime
C:/Users/PC/Desktop/TheCogOfTime/TheCogOfTime
[UnityMemory] Configuration Parameters - Can be set up in boot.config
    "memorysetup-bucket-allocator-granularity=16"
    "memorysetup-bucket-allocator-bucket-count=8"
    "memorysetup-bucket-allocator-block-size=33554432"
    "memorysetup-bucket-allocator-block-count=8"
    "memorysetup-main-allocator-block-size=16777216"
    "memorysetup-thread-allocator-block-size=16777216"
    "memorysetup-gfx-main-allocator-block-size=16777216"
    "memorysetup-gfx-thread-allocator-block-size=16777216"
    "memorysetup-cache-allocator-block-size=4194304"
    "memorysetup-typetree-allocator-block-size=2097152"
    "memorysetup-profiler-bucket-allocator-granularity=16"
    "memorysetup-profiler-bucket-allocator-bucket-count=8"
    "memorysetup-profiler-bucket-allocator-block-size=33554432"
    "memorysetup-profiler-bucket-allocator-block-count=8"
    "memorysetup-profiler-allocator-block-size=16777216"
    "memorysetup-profiler-editor-allocator-block-size=1048576"
    "memorysetup-temp-allocator-size-main=16777216"
    "memorysetup-job-temp-allocator-block-size=2097152"
    "memorysetup-job-temp-allocator-block-size-background=1048576"
    "memorysetup-job-temp-allocator-reduction-small-platforms=262144"
    "memorysetup-allocator-temp-initial-block-size-main=262144"
    "memorysetup-allocator-temp-initial-block-size-worker=262144"
    "memorysetup-temp-allocator-size-background-worker=32768"
    "memorysetup-temp-allocator-size-job-worker=262144"
    "memorysetup-temp-allocator-size-preload-manager=33554432"
    "memorysetup-temp-allocator-size-nav-mesh-worker=65536"
    "memorysetup-temp-allocator-size-audio-worker=65536"
    "memorysetup-temp-allocator-size-cloud-worker=32768"
    "memorysetup-temp-allocator-size-gi-baking-worker=262144"
    "memorysetup-temp-allocator-size-gi-baking-worker=262144"
    "memorysetup-temp-allocator-size-gi-baking-worker=262144"
    "memorysetup-temp-allocator-size-gi-baking-worker=262144"
    "memorysetup-temp-allocator-size-gi-baking-worker=262144"
    "memorysetup-temp-allocator-size-gfx=262144"
Player connection [9912]  Target information:

Player connection [9912]  * "[IP] 203.229.25.102 [Port] 0 [Flags] 2 [Guid] 1217158796 [EditorId] 1217158796 [Version] 1048832 [Id] WindowsEditor(7,DESKTOP-4IIM8Q0) [Debug] 1 [PackageName] WindowsEditor [ProjectName] Editor" 

Player connection [9912] Host joined multi-casting on [225.0.0.222:54997]...
Player connection [9912] Host joined alternative multi-casting on [225.0.0.222:34997]...
JobSystem: Creating JobQueue using job-worker-count value 5
Input System module state changed to: Initialized.
[Physics::Module] Initialized fallback backend.
[Physics::Module] Id: 0xdecafbad
Library Redirect Path: Library/
[Physics::Module] Selected backend.
[Physics::Module] Name: PhysX
[Physics::Module] Id: 0xf2b8ea05
[Physics::Module] SDK Version: 4.1.2
[Physics::Module] Integration Version: 1.0.0
[Physics::Module] Threading Mode: Multi-Threaded
Refreshing native plugins compatible for Editor in 2.33 ms, found 3 plugins.
Preloading 0 native plugins for Editor in 0.00 ms.
Initialize engine version: 6000.0.57f1 (b7b9860b7bbd)
[Subsystems] Discovering subsystems at path C:/Program Files/Unity/Hub/Editor/6000.0.57f1/Editor/Data/Resources/UnitySubsystems
[Subsystems] Discovering subsystems at path C:/Users/PC/Desktop/TheCogOfTime/TheCogOfTime/Assets
GfxDevice: creating device client; kGfxThreadingModeNonThreaded
Direct3D:
    Version:  Direct3D 11.0 [level 11.1]
    Renderer: NVIDIA GeForce RTX 4060 (ID=0x2882)
    Vendor:   NVIDIA
    VRAM:     7957 MB
    Driver:   32.0.15.6590
Initialize mono
Mono path[0] = 'C:/Program Files/Unity/Hub/Editor/6000.0.57f1/Editor/Data/Managed'
Mono path[1] = 'C:/Program Files/Unity/Hub/Editor/6000.0.57f1/Editor/Data/MonoBleedingEdge/lib/mono/unityjit-win32'
Mono config path = 'C:/Program Files/Unity/Hub/Editor/6000.0.57f1/Editor/Data/MonoBleedingEdge/etc'
Using monoOptions --debugger-agent=transport=dt_socket,embedding=1,server=y,suspend=n,address=127.0.0.1:56812
Begin MonoManager ReloadAssembly
Registering precompiled unity dll's ...
Register platform support module: C:/Program Files/Unity/Hub/Editor/6000.0.57f1/Editor/Data/PlaybackEngines/WindowsStandaloneSupport/UnityEditor.WindowsStandalone.Extensions.dll
Registered in 0.003259 seconds.
- Loaded All Assemblies, in  0.422 seconds
Native extension for WindowsStandalone target not found
Mono: successfully reloaded assembly
- Finished resetting the current domain, in  0.374 seconds
Domain Reload Profiling: 793ms
	BeginReloadAssembly (147ms)
		ExecutionOrderSort (0ms)
		DisableScriptedObjects (0ms)
		BackupInstance (0ms)
		ReleaseScriptingObjects (0ms)
		CreateAndSetChildDomain (1ms)
	RebuildCommonClasses (38ms)
	RebuildNativeTypeToScriptingClass (11ms)
	initialDomainReloadingComplete (50ms)
	LoadAllAssembliesAndSetupDomain (172ms)
		LoadAssemblies (143ms)
		RebuildTransferFunctionScriptingTraits (0ms)
		AnalyzeDomain (169ms)
			TypeCache.Refresh (168ms)
				TypeCache.ScanAssembly (155ms)
			BuildScriptInfoCaches (0ms)
			ResolveRequiredComponents (1ms)
	FinalizeReload (374ms)
		ReleaseScriptCaches (0ms)
		RebuildScriptCaches (0ms)
		SetupLoadedEditorAssemblies (327ms)
			LogAssemblyErrors (0ms)
			InitializePlatformSupportModulesInManaged (55ms)
			SetLoadedEditorAssemblies (4ms)
			BeforeProcessingInitializeOnLoad (62ms)
			ProcessInitializeOnLoadAttributes (152ms)
			ProcessInitializeOnLoadMethodAttributes (54ms)
			AfterProcessingInitializeOnLoad (0ms)
			EditorAssembliesLoaded (0ms)
		ExecutionOrderSort2 (0ms)
		AwakeInstancesAfterBackupRestoration (0ms)
========================================================================
Worker process is ready to serve import requests
Import Worker Mode flag is 0x00
Begin MonoManager ReloadAssembly
- Loaded All Assemblies, in  0.630 seconds
Refreshing native plugins compatible for Editor in 1.35 ms, found 3 plugins.
Native extension for WindowsStandalone target not found
Package Manager log level set to [2]
[Package Manager] Failed to launch server process. Reason: Unity was launched with the -noUpm command-line argument
[Package Manager] Unable to send message (not connected to server process).
[Package Manager] Cannot connect to Unity Package Manager local server
Mono: successfully reloaded assembly
- Finished resetting the current domain, in  0.581 seconds
Domain Reload Profiling: 1206ms
	BeginReloadAssembly (172ms)
		ExecutionOrderSort (0ms)
		DisableScriptedObjects (6ms)
		BackupInstance (0ms)
		ReleaseScriptingObjects (0ms)
		CreateAndSetChildDomain (30ms)
	RebuildCommonClasses (33ms)
	RebuildNativeTypeToScriptingClass (10ms)
	initialDomainReloadingComplete (36ms)
	LoadAllAssembliesAndSetupDomain (374ms)
		LoadAssemblies (297ms)
		RebuildTransferFunctionScriptingTraits (0ms)
		AnalyzeDomain (173ms)
			TypeCache.Refresh (139ms)
				TypeCache.ScanAssembly (127ms)
			BuildScriptInfoCaches (26ms)
			ResolveRequiredComponents (4ms)
	FinalizeReload (581ms)
		ReleaseScriptCaches (0ms)
		RebuildScriptCaches (0ms)
		SetupLoadedEditorAssemblies (473ms)
			LogAssemblyErrors (0ms)
			InitializePlatformSupportModulesInManaged (11ms)
			SetLoadedEditorAssemblies (3ms)
			BeforeProcessingInitializeOnLoad (91ms)
			ProcessInitializeOnLoadAttributes (321ms)
			ProcessInitializeOnLoadMethodAttributes (33ms)
			AfterProcessingInitializeOnLoad (13ms)
			EditorAssembliesLoaded (0ms)
		ExecutionOrderSort2 (0ms)
		AwakeInstancesAfterBackupRestoration (8ms)
Launched and connected shader compiler UnityShaderCompiler.exe after 0.02 seconds
Refreshing native plugins compatible for Editor in 1.90 ms, found 3 plugins.
Preloading 0 native plugins for Editor in 0.00 ms.
Unloading 0 Unused Serialized files (Serialized files now loaded: 0)
Unloading 3823 unused Assets / (0.9 MB). Loaded Objects now: 4344.
Memory consumption went from 95.8 MB to 94.9 MB.
Total: 6.950400 ms (FindLiveObjects: 0.485100 ms CreateObjectMapping: 0.206700 ms MarkObjects: 4.970100 ms  DeleteObjects: 1.287500 ms)

========================================================================
Received Import Request.
  Time since last request: 125502.038201 seconds.
  path: Assets/4_Scripts/PlayerMove.cs
  artifactKey: Guid(7a04f3cee007a90479416251fb21592c) Importer(815301076,1909f56bfc062723c751e8b465ee728b)
Start importing Assets/4_Scripts/PlayerMove.cs using Guid(7a04f3cee007a90479416251fb21592c) Importer(815301076,1909f56bfc062723c751e8b465ee728b) (PreviewImporter) -> (artifact id: 'e48d3fd2b5e18cd940a927803550abed') in 0.0058711 seconds
Number of updated asset objects reloaded before import = 0Number of asset objects unloaded after import = 0

========================================================================
Received Prepare
Begin MonoManager ReloadAssembly
- Loaded All Assemblies, in  2.256 seconds
Refreshing native plugins compatible for Editor in 1.39 ms, found 3 plugins.
Native extension for WindowsStandalone target not found
[Package Manager] Failed to launch server process. Reason: Unity was launched with the -noUpm command-line argument
[Package Manager] Unable to send message (not connected to server process).
[Package Manager] Cannot connect to Unity Package Manager local server
Mono: successfully reloaded assembly
- Finished resetting the current domain, in  0.517 seconds
Domain Reload Profiling: 2771ms
	BeginReloadAssembly (208ms)
		ExecutionOrderSort (0ms)
		DisableScriptedObjects (8ms)
		BackupInstance (0ms)
		ReleaseScriptingObjects (0ms)
		CreateAndSetChildDomain (46ms)
	RebuildCommonClasses (44ms)
	RebuildNativeTypeToScriptingClass (11ms)
	initialDomainReloadingComplete (29ms)
	LoadAllAssembliesAndSetupDomain (1960ms)
		LoadAssemblies (1938ms)
		RebuildTransferFunctionScriptingTraits (0ms)
		AnalyzeDomain (126ms)
			TypeCache.Refresh (7ms)
				TypeCache.ScanAssembly (0ms)
			BuildScriptInfoCaches (111ms)
			ResolveRequiredComponents (5ms)
	FinalizeReload (518ms)
		ReleaseScriptCaches (0ms)
		RebuildScriptCaches (0ms)
		SetupLoadedEditorAssemblies (409ms)
			LogAssemblyErrors (0ms)
			InitializePlatformSupportModulesInManaged (11ms)
			SetLoadedEditorAssemblies (3ms)
			BeforeProcessingInitializeOnLoad (83ms)
			ProcessInitializeOnLoadAttributes (282ms)
			ProcessInitializeOnLoadMethodAttributes (21ms)
			AfterProcessingInitializeOnLoad (8ms)
			EditorAssembliesLoaded (0ms)
		ExecutionOrderSort2 (0ms)
		AwakeInstancesAfterBackupRestoration (6ms)
Refreshing native plugins compatible for Editor in 1.48 ms, found 3 plugins.
Preloading 0 native plugins for Editor in 0.00 ms.
Unloading 0 Unused Serialized files (Serialized files now loaded: 0)
Unloading 3821 unused Assets / (1.1 MB). Loaded Objects now: 4347.
Memory consumption went from 96.6 MB to 95.5 MB.
Total: 7.698800 ms (FindLiveObjects: 0.398800 ms CreateObjectMapping: 0.476800 ms MarkObjects: 5.779300 ms  DeleteObjects: 1.043000 ms)

Prepare: number of updated asset objects reloaded= 0
========================================================================
Received Prepare
Refreshing native plugins compatible for Editor in 1.44 ms, found 3 plugins.
Preloading 0 native plugins for Editor in 0.00 ms.
Unloading 0 Unused Serialized files (Serialized files now loaded: 0)
Unloading 3815 unused Assets / (0.7 MB). Loaded Objects now: 4348.
Memory consumption went from 96.7 MB to 96.0 MB.
Total: 6.064700 ms (FindLiveObjects: 0.404300 ms CreateObjectMapping: 0.177500 ms MarkObjects: 4.682500 ms  DeleteObjects: 0.799500 ms)

Prepare: number of updated asset objects reloaded= 0
========================================================================
Received Prepare
Begin MonoManager ReloadAssembly
- Loaded All Assemblies, in  0.553 seconds
Refreshing native plugins compatible for Editor in 1.36 ms, found 3 plugins.
Native extension for WindowsStandalone target not found
[Package Manager] Failed to launch server process. Reason: Unity was launched with the -noUpm command-line argument
[Package Manager] Unable to send message (not connected to server process).
[Package Manager] Cannot connect to Unity Package Manager local server
Mono: successfully reloaded assembly
- Finished resetting the current domain, in  0.508 seconds
Domain Reload Profiling: 1059ms
	BeginReloadAssembly (182ms)
		ExecutionOrderSort (0ms)
		DisableScriptedObjects (5ms)
		BackupInstance (0ms)
		ReleaseScriptingObjects (0ms)
		CreateAndSetChildDomain (43ms)
	RebuildCommonClasses (31ms)
	RebuildNativeTypeToScriptingClass (10ms)
	initialDomainReloadingComplete (28ms)
	LoadAllAssembliesAndSetupDomain (300ms)
		LoadAssemblies (266ms)
		RebuildTransferFunctionScriptingTraits (0ms)
		AnalyzeDomain (120ms)
			TypeCache.Refresh (6ms)
				TypeCache.ScanAssembly (0ms)
			BuildScriptInfoCaches (107ms)
			ResolveRequiredComponents (4ms)
	FinalizeReload (509ms)
		ReleaseScriptCaches (0ms)
		RebuildScriptCaches (0ms)
		SetupLoadedEditorAssemblies (395ms)
			LogAssemblyErrors (0ms)
			InitializePlatformSupportModulesInManaged (11ms)
			SetLoadedEditorAssemblies (4ms)
			BeforeProcessingInitializeOnLoad (95ms)
			ProcessInitializeOnLoadAttributes (255ms)
			ProcessInitializeOnLoadMethodAttributes (22ms)
			AfterProcessingInitializeOnLoad (8ms)
			EditorAssembliesLoaded (0ms)
		ExecutionOrderSort2 (0ms)
		AwakeInstancesAfterBackupRestoration (5ms)
Refreshing native plugins compatible for Editor in 1.49 ms, found 3 plugins.
Preloading 0 native plugins for Editor in 0.00 ms.
Unloading 0 Unused Serialized files (Serialized files now loaded: 0)
Unloading 3822 unused Assets / (0.8 MB). Loaded Objects now: 4348.
Memory consumption went from 96.6 MB to 95.8 MB.
Total: 4.919300 ms (FindLiveObjects: 0.423700 ms CreateObjectMapping: 0.179500 ms MarkObjects: 3.589200 ms  DeleteObjects: 0.726300 ms)

Prepare: number of updated asset objects reloaded= 0
========================================================================
Received Import Request.
  Time since last request: 492.480462 seconds.
  path: Assets/4_Scripts/PlayerMovementState.cs
  artifactKey: Guid(fe8a542fddc702b48ba56962ec9a1498) Importer(815301076,1909f56bfc062723c751e8b465ee728b)
Start importing Assets/4_Scripts/PlayerMovementState.cs using Guid(fe8a542fddc702b48ba56962ec9a1498) Importer(815301076,1909f56bfc062723c751e8b465ee728b) (PreviewImporter) -> (artifact id: '831c102df14d24a259e4761e34350857') in 0.0031491 seconds
Number of updated asset objects reloaded before import = 0Number of asset objects unloaded after import = 0

========================================================================
Received Prepare
Refreshing native plugins compatible for Editor in 1.30 ms, found 3 plugins.
Preloading 0 native plugins for Editor in 0.00 ms.
Unloading 0 Unused Serialized files (Serialized files now loaded: 0)
Unloading 3815 unused Assets / (0.9 MB). Loaded Objects now: 4348.
Memory consumption went from 96.7 MB to 95.9 MB.
Total: 5.755400 ms (FindLiveObjects: 0.516200 ms CreateObjectMapping: 0.229100 ms MarkObjects: 3.971100 ms  DeleteObjects: 1.038100 ms)

Prepare: number of updated asset objects reloaded= 0
========================================================================
Received Import Request.
  Time since last request: 26.236490 seconds.
  path: Assets/4_Scripts/TirdPersonCameraMove.cs
  artifactKey: Guid(0bbdeefcda743144eafd73fe89d482fe) Importer(815301076,1909f56bfc062723c751e8b465ee728b)
Start importing Assets/4_Scripts/TirdPersonCameraMove.cs using Guid(0bbdeefcda743144eafd73fe89d482fe) Importer(815301076,1909f56bfc062723c751e8b465ee728b) (PreviewImporter) -> (artifact id: '4e8e73f3fd7c2deb7f662924512c7cf6') in 0.001692 seconds
Number of updated asset objects reloaded before import = 0Number of asset objects unloaded after import = 0

========================================================================
Received Prepare
Begin MonoManager ReloadAssembly
- Loaded All Assemblies, in  0.643 seconds
Refreshing native plugins compatible for Editor in 1.35 ms, found 3 plugins.
Native extension for WindowsStandalone target not found
[Package Manager] Failed to launch server process. Reason: Unity was launched with the -noUpm command-line argument
[Package Manager] Unable to send message (not connected to server process).
[Package Manager] Cannot connect to Unity Package Manager local server
Mono: successfully reloaded assembly
- Finished resetting the current domain, in  0.565 seconds
Domain Reload Profiling: 1206ms
	BeginReloadAssembly (203ms)
		ExecutionOrderSort (0ms)
		DisableScriptedObjects (8ms)
		BackupInstance (0ms)
		ReleaseScriptingObjects (0ms)
		CreateAndSetChildDomain (46ms)
	RebuildCommonClasses (35ms)
	RebuildNativeTypeToScriptingClass (14ms)
	initialDomainReloadingComplete (32ms)
	LoadAllAssembliesAndSetupDomain (357ms)
		LoadAssemblies (302ms)
		RebuildTransferFunctionScriptingTraits (0ms)
		AnalyzeDomain (149ms)
			TypeCache.Refresh (6ms)
				TypeCache.ScanAssembly (0ms)
			BuildScriptInfoCaches (133ms)
			ResolveRequiredComponents (6ms)
	FinalizeReload (566ms)
		ReleaseScriptCaches (0ms)
		RebuildScriptCaches (0ms)
		SetupLoadedEditorAssemblies (464ms)
			LogAssemblyErrors (0ms)
			InitializePlatformSupportModulesInManaged (11ms)
			SetLoadedEditorAssemblies (3ms)
			BeforeProcessingInitializeOnLoad (111ms)
			ProcessInitializeOnLoadAttributes (308ms)
			ProcessInitializeOnLoadMethodAttributes (20ms)
			AfterProcessingInitializeOnLoad (11ms)
			EditorAssembliesLoaded (0ms)
		ExecutionOrderSort2 (0ms)
		AwakeInstancesAfterBackupRestoration (6ms)
Refreshing native plugins compatible for Editor in 1.68 ms, found 3 plugins.
Preloading 0 native plugins for Editor in 0.00 ms.
Unloading 0 Unused Serialized files (Serialized files now loaded: 0)
Unloading 3822 unused Assets / (0.9 MB). Loaded Objects now: 4348.
Memory consumption went from 96.6 MB to 95.7 MB.
Total: 5.374900 ms (FindLiveObjects: 0.658400 ms CreateObjectMapping: 0.255100 ms MarkObjects: 3.484600 ms  DeleteObjects: 0.976300 ms)

Prepare: number of updated asset objects reloaded= 0
========================================================================
Received Prepare
Refreshing native plugins compatible for Editor in 1.31 ms, found 3 plugins.
Preloading 0 native plugins for Editor in 0.00 ms.
Unloading 0 Unused Serialized files (Serialized files now loaded: 0)
Unloading 3816 unused Assets / (0.8 MB). Loaded Objects now: 4349.
Memory consumption went from 96.7 MB to 95.9 MB.
Total: 5.329000 ms (FindLiveObjects: 0.364200 ms CreateObjectMapping: 0.163300 ms MarkObjects: 4.067700 ms  DeleteObjects: 0.733100 ms)

Prepare: number of updated asset objects reloaded= 0
========================================================================
Received Prepare
Begin MonoManager ReloadAssembly
- Loaded All Assemblies, in  0.664 seconds
Refreshing native plugins compatible for Editor in 1.14 ms, found 3 plugins.
Native extension for WindowsStandalone target not found
[Package Manager] Failed to launch server process. Reason: Unity was launched with the -noUpm command-line argument
[Package Manager] Unable to send message (not connected to server process).
[Package Manager] Cannot connect to Unity Package Manager local server
Mono: successfully reloaded assembly
- Finished resetting the current domain, in  0.586 seconds
Domain Reload Profiling: 1245ms
	BeginReloadAssembly (208ms)
		ExecutionOrderSort (0ms)
		DisableScriptedObjects (8ms)
		BackupInstance (0ms)
		ReleaseScriptingObjects (0ms)
		CreateAndSetChildDomain (42ms)
	RebuildCommonClasses (38ms)
	RebuildNativeTypeToScriptingClass (15ms)
	initialDomainReloadingComplete (35ms)
	LoadAllAssembliesAndSetupDomain (363ms)
		LoadAssemblies (323ms)
		RebuildTransferFunctionScriptingTraits (0ms)
		AnalyzeDomain (148ms)
			TypeCache.Refresh (8ms)
				TypeCache.ScanAssembly (0ms)
			BuildScriptInfoCaches (131ms)
			ResolveRequiredComponents (6ms)
	FinalizeReload (587ms)
		ReleaseScriptCaches (0ms)
		RebuildScriptCaches (0ms)
		SetupLoadedEditorAssemblies (468ms)
			LogAssemblyErrors (0ms)
			InitializePlatformSupportModulesInManaged (12ms)
			SetLoadedEditorAssemblies (4ms)
			BeforeProcessingInitializeOnLoad (117ms)
			ProcessInitializeOnLoadAttributes (303ms)
			ProcessInitializeOnLoadMethodAttributes (23ms)
			AfterProcessingInitializeOnLoad (10ms)
			EditorAssembliesLoaded (0ms)
		ExecutionOrderSort2 (0ms)
		AwakeInstancesAfterBackupRestoration (7ms)
Refreshing native plugins compatible for Editor in 1.41 ms, found 3 plugins.
Preloading 0 native plugins for Editor in 0.00 ms.
Unloading 0 Unused Serialized files (Serialized files now loaded: 0)
Unloading 3823 unused Assets / (1.0 MB). Loaded Objects now: 4349.
Memory consumption went from 96.6 MB to 95.6 MB.
Total: 5.251000 ms (FindLiveObjects: 0.386000 ms CreateObjectMapping: 0.172300 ms MarkObjects: 3.640700 ms  DeleteObjects: 1.051400 ms)

Prepare: number of updated asset objects reloaded= 0
========================================================================
Received Prepare
Refreshing native plugins compatible for Editor in 1.71 ms, found 3 plugins.
Preloading 0 native plugins for Editor in 0.00 ms.
Unloading 0 Unused Serialized files (Serialized files now loaded: 0)
Unloading 3816 unused Assets / (1.1 MB). Loaded Objects now: 4349.
Memory consumption went from 96.7 MB to 95.7 MB.
Total: 7.379200 ms (FindLiveObjects: 0.415800 ms CreateObjectMapping: 0.432500 ms MarkObjects: 5.313600 ms  DeleteObjects: 1.216200 ms)

Prepare: number of updated asset objects reloaded= 0
========================================================================
Received Import Request.
  Time since last request: 1601.591564 seconds.
  path: Assets/4_Scripts/StateMachine.cs
  artifactKey: Guid(78e06d692853b434b926ca519938464a) Importer(815301076,1909f56bfc062723c751e8b465ee728b)
Start importing Assets/4_Scripts/StateMachine.cs using Guid(78e06d692853b434b926ca519938464a) Importer(815301076,1909f56bfc062723c751e8b465ee728b) (PreviewImporter) -> (artifact id: 'bc7b2a35875a0630bf4920b9fe59cd33') in 0.0036498 seconds
Number of updated asset objects reloaded before import = 0Number of asset objects unloaded after import = 0

========================================================================
Received Prepare
Begin MonoManager ReloadAssembly
- Loaded All Assemblies, in  0.559 seconds
Refreshing native plugins compatible for Editor in 1.60 ms, found 3 plugins.
Native extension for WindowsStandalone target not found
[Package Manager] Failed to launch server process. Reason: Unity was launched with the -noUpm command-line argument
[Package Manager] Unable to send message (not connected to server process).
[Package Manager] Cannot connect to Unity Package Manager local server
Mono: successfully reloaded assembly
- Finished resetting the current domain, in  0.470 seconds
Domain Reload Profiling: 1027ms
	BeginReloadAssembly (179ms)
		ExecutionOrderSort (0ms)
		DisableScriptedObjects (5ms)
		BackupInstance (0ms)
		ReleaseScriptingObjects (0ms)
		CreateAndSetChildDomain (40ms)
	RebuildCommonClasses (30ms)
	RebuildNativeTypeToScriptingClass (11ms)
	initialDomainReloadingComplete (27ms)
	LoadAllAssembliesAndSetupDomain (309ms)
		LoadAssemblies (268ms)
		RebuildTransferFunctionScriptingTraits (0ms)
		AnalyzeDomain (132ms)
			TypeCache.Refresh (7ms)
				TypeCache.ScanAssembly (0ms)
			BuildScriptInfoCaches (117ms)
			ResolveRequiredComponents (4ms)
	FinalizeReload (471ms)
		ReleaseScriptCaches (0ms)
		RebuildScriptCaches (0ms)
		SetupLoadedEditorAssemblies (361ms)
			LogAssemblyErrors (0ms)
			InitializePlatformSupportModulesInManaged (11ms)
			SetLoadedEditorAssemblies (4ms)
			BeforeProcessingInitializeOnLoad (81ms)
			ProcessInitializeOnLoadAttributes (238ms)
			ProcessInitializeOnLoadMethodAttributes (20ms)
			AfterProcessingInitializeOnLoad (7ms)
			EditorAssembliesLoaded (0ms)
		ExecutionOrderSort2 (0ms)
		AwakeInstancesAfterBackupRestoration (5ms)
Refreshing native plugins compatible for Editor in 1.20 ms, found 3 plugins.
Preloading 0 native plugins for Editor in 0.00 ms.
Unloading 0 Unused Serialized files (Serialized files now loaded: 0)
Unloading 3823 unused Assets / (0.8 MB). Loaded Objects now: 4349.
Memory consumption went from 96.6 MB to 95.8 MB.
Total: 5.037800 ms (FindLiveObjects: 0.372900 ms CreateObjectMapping: 0.157300 ms MarkObjects: 3.779900 ms  DeleteObjects: 0.727200 ms)

Prepare: number of updated asset objects reloaded= 0
========================================================================
Received Prepare
Refreshing native plugins compatible for Editor in 1.36 ms, found 3 plugins.
Preloading 0 native plugins for Editor in 0.00 ms.
Unloading 0 Unused Serialized files (Serialized files now loaded: 0)
Unloading 3815 unused Assets / (0.8 MB). Loaded Objects now: 4348.
Memory consumption went from 96.7 MB to 96.0 MB.
Total: 4.920400 ms (FindLiveObjects: 0.410000 ms CreateObjectMapping: 0.185500 ms MarkObjects: 3.593700 ms  DeleteObjects: 0.730500 ms)

Prepare: number of updated asset objects reloaded= 0
========================================================================
Received Prepare
Begin MonoManager ReloadAssembly
- Loaded All Assemblies, in  0.553 seconds
Refreshing native plugins compatible for Editor in 1.25 ms, found 3 plugins.
Native extension for WindowsStandalone target not found
[Package Manager] Failed to launch server process. Reason: Unity was launched with the -noUpm command-line argument
[Package Manager] Unable to send message (not connected to server process).
[Package Manager] Cannot connect to Unity Package Manager local server
Mono: successfully reloaded assembly
- Finished resetting the current domain, in  0.467 seconds
Domain Reload Profiling: 1017ms
	BeginReloadAssembly (176ms)
		ExecutionOrderSort (0ms)
		DisableScriptedObjects (5ms)
		BackupInstance (0ms)
		ReleaseScriptingObjects (0ms)
		CreateAndSetChildDomain (40ms)
	RebuildCommonClasses (34ms)
	RebuildNativeTypeToScriptingClass (10ms)
	initialDomainReloadingComplete (26ms)
	LoadAllAssembliesAndSetupDomain (304ms)
		LoadAssemblies (264ms)
		RebuildTransferFunctionScriptingTraits (0ms)
		AnalyzeDomain (128ms)
			TypeCache.Refresh (7ms)
				TypeCache.ScanAssembly (0ms)
			BuildScriptInfoCaches (113ms)
			ResolveRequiredComponents (4ms)
	FinalizeReload (467ms)
		ReleaseScriptCaches (0ms)
		RebuildScriptCaches (0ms)
		SetupLoadedEditorAssemblies (368ms)
			LogAssemblyErrors (0ms)
			InitializePlatformSupportModulesInManaged (11ms)
			SetLoadedEditorAssemblies (4ms)
			BeforeProcessingInitializeOnLoad (87ms)
			ProcessInitializeOnLoadAttributes (238ms)
			ProcessInitializeOnLoadMethodAttributes (20ms)
			AfterProcessingInitializeOnLoad (7ms)
			EditorAssembliesLoaded (0ms)
		ExecutionOrderSort2 (0ms)
		AwakeInstancesAfterBackupRestoration (5ms)
Refreshing native plugins compatible for Editor in 1.53 ms, found 3 plugins.
Preloading 0 native plugins for Editor in 0.00 ms.
Unloading 0 Unused Serialized files (Serialized files now loaded: 0)
Unloading 3822 unused Assets / (0.9 MB). Loaded Objects now: 4348.
Memory consumption went from 96.6 MB to 95.7 MB.
Total: 5.392200 ms (FindLiveObjects: 0.544700 ms CreateObjectMapping: 0.330400 ms MarkObjects: 3.707700 ms  DeleteObjects: 0.808700 ms)

Prepare: number of updated asset objects reloaded= 0
========================================================================
Received Prepare
Refreshing native plugins compatible for Editor in 1.18 ms, found 3 plugins.
Preloading 0 native plugins for Editor in 0.00 ms.
Unloading 0 Unused Serialized files (Serialized files now loaded: 0)
Unloading 3816 unused Assets / (0.8 MB). Loaded Objects now: 4349.
Memory consumption went from 96.8 MB to 95.9 MB.
Total: 5.090400 ms (FindLiveObjects: 0.401600 ms CreateObjectMapping: 0.174500 ms MarkObjects: 3.755700 ms  DeleteObjects: 0.758200 ms)

Prepare: number of updated asset objects reloaded= 0
========================================================================
Received Prepare
Begin MonoManager ReloadAssembly
- Loaded All Assemblies, in  0.535 seconds
Refreshing native plugins compatible for Editor in 1.32 ms, found 3 plugins.
Native extension for WindowsStandalone target not found
[Package Manager] Failed to launch server process. Reason: Unity was launched with the -noUpm command-line argument
[Package Manager] Unable to send message (not connected to server process).
[Package Manager] Cannot connect to Unity Package Manager local server
Mono: successfully reloaded assembly
- Finished resetting the current domain, in  0.536 seconds
Domain Reload Profiling: 1069ms
	BeginReloadAssembly (173ms)
		ExecutionOrderSort (0ms)
		DisableScriptedObjects (5ms)
		BackupInstance (0ms)
		ReleaseScriptingObjects (0ms)
		CreateAndSetChildDomain (37ms)
	RebuildCommonClasses (29ms)
	RebuildNativeTypeToScriptingClass (10ms)
	initialDomainReloadingComplete (27ms)
	LoadAllAssembliesAndSetupDomain (293ms)
		LoadAssemblies (261ms)
		RebuildTransferFunctionScriptingTraits (0ms)
		AnalyzeDomain (119ms)
			TypeCache.Refresh (6ms)
				TypeCache.ScanAssembly (0ms)
			BuildScriptInfoCaches (105ms)
			ResolveRequiredComponents (4ms)
	FinalizeReload (536ms)
		ReleaseScriptCaches (0ms)
		RebuildScriptCaches (0ms)
		SetupLoadedEditorAssemblies (429ms)
			LogAssemblyErrors (0ms)
			InitializePlatformSupportModulesInManaged (11ms)
			SetLoadedEditorAssemblies (3ms)
			BeforeProcessingInitializeOnLoad (84ms)
			ProcessInitializeOnLoadAttributes (288ms)
			ProcessInitializeOnLoadMethodAttributes (29ms)
			AfterProcessingInitializeOnLoad (13ms)
			EditorAssembliesLoaded (0ms)
		ExecutionOrderSort2 (0ms)
		AwakeInstancesAfterBackupRestoration (8ms)
Refreshing native plugins compatible for Editor in 1.74 ms, found 3 plugins.
Preloading 0 native plugins for Editor in 0.00 ms.
Unloading 0 Unused Serialized files (Serialized files now loaded: 0)
Unloading 3823 unused Assets / (0.9 MB). Loaded Objects now: 4349.
Memory consumption went from 96.6 MB to 95.7 MB.
Total: 7.244600 ms (FindLiveObjects: 0.591300 ms CreateObjectMapping: 0.258500 ms MarkObjects: 5.245700 ms  DeleteObjects: 1.148200 ms)

Prepare: number of updated asset objects reloaded= 0
========================================================================
Received Import Request.
  Time since last request: 62.141769 seconds.
  path: Assets/4_Scripts/PlayerInput.cs
  artifactKey: Guid(472c2064cfe9ce94f933531cf9c7f1b1) Importer(815301076,1909f56bfc062723c751e8b465ee728b)
Start importing Assets/4_Scripts/PlayerInput.cs using Guid(472c2064cfe9ce94f933531cf9c7f1b1) Importer(815301076,1909f56bfc062723c751e8b465ee728b) (PreviewImporter) -> (artifact id: '21b544f867d03e816390daf3576eed61') in 0.0041695 seconds
Number of updated asset objects reloaded before import = 0Number of asset objects unloaded after import = 0

========================================================================
Received Prepare
Refreshing native plugins compatible for Editor in 1.88 ms, found 3 plugins.
Preloading 0 native plugins for Editor in 0.00 ms.
Unloading 0 Unused Serialized files (Serialized files now loaded: 0)
Unloading 3816 unused Assets / (1.1 MB). Loaded Objects now: 4349.
Memory consumption went from 96.8 MB to 95.7 MB.
Total: 6.938900 ms (FindLiveObjects: 0.594500 ms CreateObjectMapping: 0.265700 ms MarkObjects: 5.045700 ms  DeleteObjects: 1.032400 ms)

Prepare: number of updated asset objects reloaded= 0
========================================================================
Received Import Request.
  Time since last request: 18.413230 seconds.
  path: Assets/4_Scripts/PlayerInput.cs
  artifactKey: Guid(472c2064cfe9ce94f933531cf9c7f1b1) Importer(815301076,1909f56bfc062723c751e8b465ee728b)
Start importing Assets/4_Scripts/PlayerInput.cs using Guid(472c2064cfe9ce94f933531cf9c7f1b1) Importer(815301076,1909f56bfc062723c751e8b465ee728b) (PreviewImporter) -> (artifact id: '0f20e3345d1490ea2cb0c2a11fc58096') in 0.0023214 seconds
Number of updated asset objects reloaded before import = 0Number of asset objects unloaded after import = 0

========================================================================
Received Prepare
Begin MonoManager ReloadAssembly
- Loaded All Assemblies, in  0.548 seconds
Refreshing native plugins compatible for Editor in 1.56 ms, found 3 plugins.
Native extension for WindowsStandalone target not found
[Package Manager] Failed to launch server process. Reason: Unity was launched with the -noUpm command-line argument
[Package Manager] Unable to send message (not connected to server process).
[Package Manager] Cannot connect to Unity Package Manager local server
Mono: successfully reloaded assembly
- Finished resetting the current domain, in  0.463 seconds
Domain Reload Profiling: 1010ms
	BeginReloadAssembly (178ms)
		ExecutionOrderSort (0ms)
		DisableScriptedObjects (5ms)
		BackupInstance (0ms)
		ReleaseScriptingObjects (0ms)
		CreateAndSetChildDomain (38ms)
	RebuildCommonClasses (35ms)
	RebuildNativeTypeToScriptingClass (10ms)
	initialDomainReloadingComplete (29ms)
	LoadAllAssembliesAndSetupDomain (294ms)
		LoadAssemblies (262ms)
		RebuildTransferFunctionScriptingTraits (0ms)
		AnalyzeDomain (120ms)
			TypeCache.Refresh (6ms)
				TypeCache.ScanAssembly (0ms)
			BuildScriptInfoCaches (107ms)
			ResolveRequiredComponents (4ms)
	FinalizeReload (464ms)
		ReleaseScriptCaches (0ms)
		RebuildScriptCaches (0ms)
		SetupLoadedEditorAssemblies (358ms)
			LogAssemblyErrors (0ms)
			InitializePlatformSupportModulesInManaged (11ms)
			SetLoadedEditorAssemblies (3ms)
			BeforeProcessingInitializeOnLoad (78ms)
			ProcessInitializeOnLoadAttributes (238ms)
			ProcessInitializeOnLoadMethodAttributes (21ms)
			AfterProcessingInitializeOnLoad (7ms)
			EditorAssembliesLoaded (0ms)
		ExecutionOrderSort2 (0ms)
		AwakeInstancesAfterBackupRestoration (5ms)
Refreshing native plugins compatible for Editor in 1.21 ms, found 3 plugins.
Preloading 0 native plugins for Editor in 0.00 ms.
Unloading 0 Unused Serialized files (Serialized files now loaded: 0)
Unloading 3823 unused Assets / (0.8 MB). Loaded Objects now: 4349.
Memory consumption went from 96.6 MB to 95.8 MB.
Total: 4.693100 ms (FindLiveObjects: 0.371000 ms CreateObjectMapping: 0.160700 ms MarkObjects: 3.467000 ms  DeleteObjects: 0.694000 ms)

Prepare: number of updated asset objects reloaded= 0
========================================================================
Received Prepare
Refreshing native plugins compatible for Editor in 1.47 ms, found 3 plugins.
Preloading 0 native plugins for Editor in 0.00 ms.
Unloading 0 Unused Serialized files (Serialized files now loaded: 0)
Unloading 3816 unused Assets / (0.9 MB). Loaded Objects now: 4349.
Memory consumption went from 96.8 MB to 95.8 MB.
Total: 7.251100 ms (FindLiveObjects: 0.371000 ms CreateObjectMapping: 0.171100 ms MarkObjects: 5.606400 ms  DeleteObjects: 1.101700 ms)

Prepare: number of updated asset objects reloaded= 0
========================================================================
Received Import Request.
  Time since last request: 99.417320 seconds.
  path: Assets/4_Scripts/PlayerMove.cs
  artifactKey: Guid(7a04f3cee007a90479416251fb21592c) Importer(815301076,1909f56bfc062723c751e8b465ee728b)
Start importing Assets/4_Scripts/PlayerMove.cs using Guid(7a04f3cee007a90479416251fb21592c) Importer(815301076,1909f56bfc062723c751e8b465ee728b) (PreviewImporter) -> (artifact id: '0c0a05ffef6c61d6626fad8b1d000b81') in 0.0036161 seconds
Number of updated asset objects reloaded before import = 0Number of asset objects unloaded after import = 0

========================================================================
Received Prepare
Refreshing native plugins compatible for Editor in 1.37 ms, found 3 plugins.
Preloading 0 native plugins for Editor in 0.00 ms.
Unloading 0 Unused Serialized files (Serialized files now loaded: 0)
Unloading 3817 unused Assets / (0.8 MB). Loaded Objects now: 4350.
Memory consumption went from 96.8 MB to 95.9 MB.
Total: 5.023000 ms (FindLiveObjects: 0.387700 ms CreateObjectMapping: 0.163000 ms MarkObjects: 3.687600 ms  DeleteObjects: 0.784000 ms)

Prepare: number of updated asset objects reloaded= 0
========================================================================
Received Prepare
Refreshing native plugins compatible for Editor in 1.32 ms, found 3 plugins.
Preloading 0 native plugins for Editor in 0.00 ms.
Unloading 0 Unused Serialized files (Serialized files now loaded: 0)
Unloading 3818 unused Assets / (0.9 MB). Loaded Objects now: 4351.
Memory consumption went from 96.8 MB to 95.9 MB.
Total: 5.160600 ms (FindLiveObjects: 0.388800 ms CreateObjectMapping: 0.422400 ms MarkObjects: 3.496200 ms  DeleteObjects: 0.852100 ms)

Prepare: number of updated asset objects reloaded= 0
========================================================================
Received Prepare
Refreshing native plugins compatible for Editor in 1.76 ms, found 3 plugins.
Preloading 0 native plugins for Editor in 0.00 ms.
Unloading 0 Unused Serialized files (Serialized files now loaded: 0)
Unloading 3818 unused Assets / (0.8 MB). Loaded Objects now: 4351.
Memory consumption went from 96.8 MB to 95.9 MB.
Total: 6.466500 ms (FindLiveObjects: 0.685400 ms CreateObjectMapping: 0.282000 ms MarkObjects: 4.493800 ms  DeleteObjects: 1.004400 ms)

Prepare: number of updated asset objects reloaded= 0
========================================================================
Received Import Request.
  Time since last request: 90.757380 seconds.
  path: Assets/4_Scripts/State_Grounded.cs
  artifactKey: Guid(4f45b940bd815fb4dbf31eaef532f771) Importer(815301076,1909f56bfc062723c751e8b465ee728b)
Start importing Assets/4_Scripts/State_Grounded.cs using Guid(4f45b940bd815fb4dbf31eaef532f771) Importer(815301076,1909f56bfc062723c751e8b465ee728b) (PreviewImporter) -> (artifact id: 'bd6152a6e6fc1aadd681568763115ab2') in 0.0021621 seconds
Number of updated asset objects reloaded before import = 0Number of asset objects unloaded after import = 0

========================================================================
Received Prepare
Refreshing native plugins compatible for Editor in 1.45 ms, found 3 plugins.
Preloading 0 native plugins for Editor in 0.00 ms.
Unloading 0 Unused Serialized files (Serialized files now loaded: 0)
Unloading 3818 unused Assets / (0.7 MB). Loaded Objects now: 4351.
Memory consumption went from 96.8 MB to 96.0 MB.
Total: 6.393100 ms (FindLiveObjects: 0.415900 ms CreateObjectMapping: 0.162500 ms MarkObjects: 4.930500 ms  DeleteObjects: 0.883500 ms)

Prepare: number of updated asset objects reloaded= 0
========================================================================
Received Import Request.
  Time since last request: 16.737597 seconds.
  path: Assets/4_Scripts/State_Airborne.cs
  artifactKey: Guid(0a76d59ea98b75c45a83b2a4f9d06d8d) Importer(815301076,1909f56bfc062723c751e8b465ee728b)
Start importing Assets/4_Scripts/State_Airborne.cs using Guid(0a76d59ea98b75c45a83b2a4f9d06d8d) Importer(815301076,1909f56bfc062723c751e8b465ee728b) (PreviewImporter) -> (artifact id: '341bba58b4edd55834788e4811495acf') in 0.001694 seconds
Number of updated asset objects reloaded before import = 0Number of asset objects unloaded after import = 0

========================================================================
Received Prepare
Refreshing native plugins compatible for Editor in 1.94 ms, found 3 plugins.
Preloading 0 native plugins for Editor in 0.00 ms.
Unloading 0 Unused Serialized files (Serialized files now loaded: 0)
Unloading 3818 unused Assets / (0.9 MB). Loaded Objects now: 4351.
Memory consumption went from 96.8 MB to 95.9 MB.
Total: 6.515300 ms (FindLiveObjects: 0.402400 ms CreateObjectMapping: 0.209500 ms MarkObjects: 4.909900 ms  DeleteObjects: 0.992900 ms)

Prepare: number of updated asset objects reloaded= 0
========================================================================
Received Import Request.
  Time since last request: 55.486629 seconds.
  path: Assets/4_Scripts/State_Airborne.cs
  artifactKey: Guid(0a76d59ea98b75c45a83b2a4f9d06d8d) Importer(815301076,1909f56bfc062723c751e8b465ee728b)
Start importing Assets/4_Scripts/State_Airborne.cs using Guid(0a76d59ea98b75c45a83b2a4f9d06d8d) Importer(815301076,1909f56bfc062723c751e8b465ee728b) (PreviewImporter) -> (artifact id: '8ddfceb40b6eff217c494cb8ea69787b') in 0.0011714 seconds
Number of updated asset objects reloaded before import = 0Number of asset objects unloaded after import = 0

========================================================================
Received Prepare
Refreshing native plugins compatible for Editor in 1.80 ms, found 3 plugins.
Preloading 0 native plugins for Editor in 0.00 ms.
Unloading 0 Unused Serialized files (Serialized files now loaded: 0)
Unloading 3818 unused Assets / (0.8 MB). Loaded Objects now: 4351.
Memory consumption went from 96.8 MB to 95.9 MB.
Total: 6.789500 ms (FindLiveObjects: 0.379000 ms CreateObjectMapping: 0.171800 ms MarkObjects: 5.226100 ms  DeleteObjects: 1.011500 ms)

Prepare: number of updated asset objects reloaded= 0
========================================================================
Received Import Request.
  Time since last request: 10.715226 seconds.
  path: Assets/4_Scripts/State_Airborne.cs
  artifactKey: Guid(0a76d59ea98b75c45a83b2a4f9d06d8d) Importer(815301076,1909f56bfc062723c751e8b465ee728b)
Start importing Assets/4_Scripts/State_Airborne.cs using Guid(0a76d59ea98b75c45a83b2a4f9d06d8d) Importer(815301076,1909f56bfc062723c751e8b465ee728b) (PreviewImporter) -> (artifact id: 'a61959b300917630a398764f2b8216ac') in 0.0013626 seconds
Number of updated asset objects reloaded before import = 0Number of asset objects unloaded after import = 0

========================================================================
Received Prepare
Refreshing native plugins compatible for Editor in 1.29 ms, found 3 plugins.
Preloading 0 native plugins for Editor in 0.00 ms.
Unloading 0 Unused Serialized files (Serialized files now loaded: 0)
Unloading 3818 unused Assets / (1.0 MB). Loaded Objects now: 4351.
Memory consumption went from 96.8 MB to 95.8 MB.
Total: 5.096700 ms (FindLiveObjects: 0.396500 ms CreateObjectMapping: 0.195000 ms MarkObjects: 3.501800 ms  DeleteObjects: 1.002800 ms)

Prepare: number of updated asset objects reloaded= 0
========================================================================
Received Prepare
Refreshing native plugins compatible for Editor in 1.52 ms, found 3 plugins.
Preloading 0 native plugins for Editor in 0.00 ms.
Unloading 0 Unused Serialized files (Serialized files now loaded: 0)
Unloading 3819 unused Assets / (0.9 MB). Loaded Objects now: 4352.
Memory consumption went from 96.8 MB to 95.9 MB.
Total: 5.678400 ms (FindLiveObjects: 0.433900 ms CreateObjectMapping: 0.204700 ms MarkObjects: 4.113400 ms  DeleteObjects: 0.925500 ms)

Prepare: number of updated asset objects reloaded= 0
========================================================================
Received Prepare
Refreshing native plugins compatible for Editor in 1.30 ms, found 3 plugins.
Preloading 0 native plugins for Editor in 0.00 ms.
Unloading 0 Unused Serialized files (Serialized files now loaded: 0)
Unloading 3818 unused Assets / (0.8 MB). Loaded Objects now: 4351.
Memory consumption went from 96.8 MB to 96.0 MB.
Total: 4.915900 ms (FindLiveObjects: 0.390100 ms CreateObjectMapping: 0.165600 ms MarkObjects: 3.599300 ms  DeleteObjects: 0.760200 ms)

Prepare: number of updated asset objects reloaded= 0
========================================================================
Received Prepare
Refreshing native plugins compatible for Editor in 1.35 ms, found 3 plugins.
Preloading 0 native plugins for Editor in 0.00 ms.
Unloading 0 Unused Serialized files (Serialized files now loaded: 0)
Unloading 3817 unused Assets / (0.8 MB). Loaded Objects now: 4350.
Memory consumption went from 96.8 MB to 95.9 MB.
Total: 5.664000 ms (FindLiveObjects: 0.474900 ms CreateObjectMapping: 0.186500 ms MarkObjects: 4.195600 ms  DeleteObjects: 0.806200 ms)

Prepare: number of updated asset objects reloaded= 0
========================================================================
Received Prepare
Refreshing native plugins compatible for Editor in 1.96 ms, found 3 plugins.
Preloading 0 native plugins for Editor in 0.00 ms.
Unloading 0 Unused Serialized files (Serialized files now loaded: 0)
Unloading 3817 unused Assets / (1.0 MB). Loaded Objects now: 4350.
Memory consumption went from 96.8 MB to 95.7 MB.
Total: 6.627700 ms (FindLiveObjects: 0.592000 ms CreateObjectMapping: 0.254900 ms MarkObjects: 4.558100 ms  DeleteObjects: 1.221600 ms)

Prepare: number of updated asset objects reloaded= 0
========================================================================
Received Import Request.
  Time since last request: 369.665197 seconds.
  path: Assets/4_Scripts/CharacterInput.cs
  artifactKey: Guid(13cd3a5771392584ebedb5186c0eb937) Importer(815301076,1909f56bfc062723c751e8b465ee728b)
Start importing Assets/4_Scripts/CharacterInput.cs using Guid(13cd3a5771392584ebedb5186c0eb937) Importer(815301076,1909f56bfc062723c751e8b465ee728b) (PreviewImporter) -> (artifact id: 'f0de06f8fc18ee403ebe6161a3b5b80c') in 0.0030796 seconds
Number of updated asset objects reloaded before import = 0Number of asset objects unloaded after import = 0

========================================================================
Received Prepare
Refreshing native plugins compatible for Editor in 1.29 ms, found 3 plugins.
Preloading 0 native plugins for Editor in 0.00 ms.
Unloading 0 Unused Serialized files (Serialized files now loaded: 0)
Unloading 3818 unused Assets / (0.9 MB). Loaded Objects now: 4351.
Memory consumption went from 96.8 MB to 95.9 MB.
Total: 5.362700 ms (FindLiveObjects: 0.388900 ms CreateObjectMapping: 0.165000 ms MarkObjects: 4.017800 ms  DeleteObjects: 0.790300 ms)

Prepare: number of updated asset objects reloaded= 0
========================================================================
Received Prepare
Refreshing native plugins compatible for Editor in 1.78 ms, found 3 plugins.
Preloading 0 native plugins for Editor in 0.00 ms.
Unloading 0 Unused Serialized files (Serialized files now loaded: 0)
Unloading 3818 unused Assets / (1.0 MB). Loaded Objects now: 4351.
Memory consumption went from 96.8 MB to 95.8 MB.
Total: 7.408400 ms (FindLiveObjects: 0.648500 ms CreateObjectMapping: 0.285600 ms MarkObjects: 5.254000 ms  DeleteObjects: 1.219500 ms)

Prepare: number of updated asset objects reloaded= 0
========================================================================
Received Import Request.
  Time since last request: 39.769095 seconds.
  path: Assets/4_Scripts/CharacterMotor.cs
  artifactKey: Guid(4e0e7611c8eaaf14896d2201de58cc6f) Importer(815301076,1909f56bfc062723c751e8b465ee728b)
Start importing Assets/4_Scripts/CharacterMotor.cs using Guid(4e0e7611c8eaaf14896d2201de58cc6f) Importer(815301076,1909f56bfc062723c751e8b465ee728b) (PreviewImporter) -> (artifact id: '740e890ec042b27eecfd368a711722cb') in 0.0016653 seconds
Number of updated asset objects reloaded before import = 0Number of asset objects unloaded after import = 0

========================================================================
Received Prepare
Refreshing native plugins compatible for Editor in 1.54 ms, found 3 plugins.
Preloading 0 native plugins for Editor in 0.00 ms.
Unloading 0 Unused Serialized files (Serialized files now loaded: 0)
Unloading 3819 unused Assets / (0.8 MB). Loaded Objects now: 4352.
Memory consumption went from 96.8 MB to 96.0 MB.
Total: 4.866300 ms (FindLiveObjects: 0.377900 ms CreateObjectMapping: 0.160400 ms MarkObjects: 3.598300 ms  DeleteObjects: 0.728900 ms)

Prepare: number of updated asset objects reloaded= 0
========================================================================
Received Prepare
Refreshing native plugins compatible for Editor in 1.28 ms, found 3 plugins.
Preloading 0 native plugins for Editor in 0.00 ms.
Unloading 0 Unused Serialized files (Serialized files now loaded: 0)
Unloading 3820 unused Assets / (0.7 MB). Loaded Objects now: 4353.
Memory consumption went from 96.8 MB to 96.0 MB.
Total: 4.665200 ms (FindLiveObjects: 0.431700 ms CreateObjectMapping: 0.160800 ms MarkObjects: 3.400000 ms  DeleteObjects: 0.671700 ms)

Prepare: number of updated asset objects reloaded= 0
========================================================================
Received Prepare
Refreshing native plugins compatible for Editor in 1.90 ms, found 3 plugins.
Preloading 0 native plugins for Editor in 0.00 ms.
Unloading 0 Unused Serialized files (Serialized files now loaded: 0)
Unloading 3820 unused Assets / (1.0 MB). Loaded Objects now: 4353.
Memory consumption went from 96.8 MB to 95.8 MB.
Total: 6.161800 ms (FindLiveObjects: 0.436200 ms CreateObjectMapping: 0.189200 ms MarkObjects: 4.343800 ms  DeleteObjects: 1.191400 ms)

Prepare: number of updated asset objects reloaded= 0
========================================================================
Received Import Request.
  Time since last request: 73.118973 seconds.
  path: Assets/4_Scripts/State_Airborne_RB.cs
  artifactKey: Guid(b4fc26dcf0092024e8a075b2dea87687) Importer(815301076,1909f56bfc062723c751e8b465ee728b)
Start importing Assets/4_Scripts/State_Airborne_RB.cs using Guid(b4fc26dcf0092024e8a075b2dea87687) Importer(815301076,1909f56bfc062723c751e8b465ee728b) (PreviewImporter) -> (artifact id: '34b3ade1dc79d0ea301ea6008d748e21') in 0.0029499 seconds
Number of updated asset objects reloaded before import = 0Number of asset objects unloaded after import = 0

========================================================================
Received Prepare
Refreshing native plugins compatible for Editor in 1.75 ms, found 3 plugins.
Preloading 0 native plugins for Editor in 0.00 ms.
Unloading 0 Unused Serialized files (Serialized files now loaded: 0)
Unloading 3820 unused Assets / (0.7 MB). Loaded Objects now: 4353.
Memory consumption went from 96.8 MB to 96.0 MB.
Total: 5.562300 ms (FindLiveObjects: 0.431600 ms CreateObjectMapping: 0.219900 ms MarkObjects: 4.073700 ms  DeleteObjects: 0.836200 ms)

Prepare: number of updated asset objects reloaded= 0
========================================================================
Received Import Request.
  Time since last request: 25.624303 seconds.
  path: Assets/4_Scripts/State_Grounded_RB.cs
  artifactKey: Guid(ae33220397ab18b46a0941fe550beafd) Importer(815301076,1909f56bfc062723c751e8b465ee728b)
Start importing Assets/4_Scripts/State_Grounded_RB.cs using Guid(ae33220397ab18b46a0941fe550beafd) Importer(815301076,1909f56bfc062723c751e8b465ee728b) (PreviewImporter) -> (artifact id: 'd6e68910010475ddf667158a95cc59e7') in 0.0013156 seconds
Number of updated asset objects reloaded before import = 0Number of asset objects unloaded after import = 0

========================================================================
Received Prepare
Refreshing native plugins compatible for Editor in 1.51 ms, found 3 plugins.
Preloading 0 native plugins for Editor in 0.00 ms.
Unloading 0 Unused Serialized files (Serialized files now loaded: 0)
Unloading 3820 unused Assets / (1.0 MB). Loaded Objects now: 4353.
Memory consumption went from 96.8 MB to 95.8 MB.
Total: 5.050500 ms (FindLiveObjects: 0.429900 ms CreateObjectMapping: 0.167000 ms MarkObjects: 3.473700 ms  DeleteObjects: 0.979100 ms)

Prepare: number of updated asset objects reloaded= 0
========================================================================
Received Prepare
Refreshing native plugins compatible for Editor in 1.50 ms, found 3 plugins.
Preloading 0 native plugins for Editor in 0.00 ms.
Unloading 0 Unused Serialized files (Serialized files now loaded: 0)
Unloading 3820 unused Assets / (0.8 MB). Loaded Objects now: 4353.
Memory consumption went from 96.8 MB to 96.0 MB.
Total: 7.094700 ms (FindLiveObjects: 0.445300 ms CreateObjectMapping: 0.236500 ms MarkObjects: 5.437400 ms  DeleteObjects: 0.974600 ms)

Prepare: number of updated asset objects reloaded= 0
========================================================================
Received Import Request.
  Time since last request: 54.808244 seconds.
  path: Assets/4_Scripts/CharacterInput.cs
  artifactKey: Guid(13cd3a5771392584ebedb5186c0eb937) Importer(815301076,1909f56bfc062723c751e8b465ee728b)
Start importing Assets/4_Scripts/CharacterInput.cs using Guid(13cd3a5771392584ebedb5186c0eb937) Importer(815301076,1909f56bfc062723c751e8b465ee728b) (PreviewImporter) -> (artifact id: '82a7a296be8102eca03480c582ea0163') in 0.0017756 seconds
Number of updated asset objects reloaded before import = 0Number of asset objects unloaded after import = 0

========================================================================
Received Prepare
Refreshing native plugins compatible for Editor in 1.27 ms, found 3 plugins.
Preloading 0 native plugins for Editor in 0.00 ms.
Unloading 0 Unused Serialized files (Serialized files now loaded: 0)
Unloading 3819 unused Assets / (0.8 MB). Loaded Objects now: 4352.
Memory consumption went from 96.8 MB to 95.9 MB.
Total: 4.661500 ms (FindLiveObjects: 0.382500 ms CreateObjectMapping: 0.162100 ms MarkObjects: 3.424300 ms  DeleteObjects: 0.691900 ms)

Prepare: number of updated asset objects reloaded= 0
========================================================================
Received Prepare
Refreshing native plugins compatible for Editor in 1.43 ms, found 3 plugins.
Preloading 0 native plugins for Editor in 0.00 ms.
Unloading 0 Unused Serialized files (Serialized files now loaded: 0)
Unloading 3818 unused Assets / (0.8 MB). Loaded Objects now: 4351.
Memory consumption went from 96.8 MB to 96.0 MB.
Total: 4.721200 ms (FindLiveObjects: 0.388800 ms CreateObjectMapping: 0.175400 ms MarkObjects: 3.447400 ms  DeleteObjects: 0.708500 ms)

Prepare: number of updated asset objects reloaded= 0
========================================================================
Received Prepare
Begin MonoManager ReloadAssembly
- Loaded All Assemblies, in  0.670 seconds
Refreshing native plugins compatible for Editor in 1.10 ms, found 3 plugins.
Native extension for WindowsStandalone target not found
[Package Manager] Failed to launch server process. Reason: Unity was launched with the -noUpm command-line argument
[Package Manager] Unable to send message (not connected to server process).
[Package Manager] Cannot connect to Unity Package Manager local server
Mono: successfully reloaded assembly
- Finished resetting the current domain, in  0.454 seconds
Domain Reload Profiling: 1122ms
	BeginReloadAssembly (275ms)
		ExecutionOrderSort (0ms)
		DisableScriptedObjects (5ms)
		BackupInstance (0ms)
		ReleaseScriptingObjects (0ms)
		CreateAndSetChildDomain (39ms)
	RebuildCommonClasses (33ms)
	RebuildNativeTypeToScriptingClass (10ms)
	initialDomainReloadingComplete (29ms)
	LoadAllAssembliesAndSetupDomain (321ms)
		LoadAssemblies (363ms)
		RebuildTransferFunctionScriptingTraits (0ms)
		AnalyzeDomain (144ms)
			TypeCache.Refresh (6ms)
				TypeCache.ScanAssembly (0ms)
			BuildScriptInfoCaches (129ms)
			ResolveRequiredComponents (5ms)
	FinalizeReload (454ms)
		ReleaseScriptCaches (0ms)
		RebuildScriptCaches (0ms)
		SetupLoadedEditorAssemblies (357ms)
			LogAssemblyErrors (0ms)
			InitializePlatformSupportModulesInManaged (11ms)
			SetLoadedEditorAssemblies (4ms)
			BeforeProcessingInitializeOnLoad (79ms)
			ProcessInitializeOnLoadAttributes (236ms)
			ProcessInitializeOnLoadMethodAttributes (21ms)
			AfterProcessingInitializeOnLoad (7ms)
			EditorAssembliesLoaded (0ms)
		ExecutionOrderSort2 (0ms)
		AwakeInstancesAfterBackupRestoration (5ms)
Refreshing native plugins compatible for Editor in 1.35 ms, found 3 plugins.
Preloading 0 native plugins for Editor in 0.00 ms.
Unloading 0 Unused Serialized files (Serialized files now loaded: 0)
Unloading 3825 unused Assets / (0.8 MB). Loaded Objects now: 4351.
Memory consumption went from 96.6 MB to 95.8 MB.
Total: 5.482600 ms (FindLiveObjects: 0.414200 ms CreateObjectMapping: 0.203800 ms MarkObjects: 4.051600 ms  DeleteObjects: 0.812000 ms)

Prepare: number of updated asset objects reloaded= 0
========================================================================
Received Prepare
Begin MonoManager ReloadAssembly
- Loaded All Assemblies, in  0.544 seconds
Refreshing native plugins compatible for Editor in 1.41 ms, found 3 plugins.
Native extension for WindowsStandalone target not found
[Package Manager] Failed to launch server process. Reason: Unity was launched with the -noUpm command-line argument
[Package Manager] Unable to send message (not connected to server process).
[Package Manager] Cannot connect to Unity Package Manager local server
Mono: successfully reloaded assembly
- Finished resetting the current domain, in  0.513 seconds
Domain Reload Profiling: 1054ms
	BeginReloadAssembly (176ms)
		ExecutionOrderSort (0ms)
		DisableScriptedObjects (6ms)
		BackupInstance (0ms)
		ReleaseScriptingObjects (0ms)
		CreateAndSetChildDomain (37ms)
	RebuildCommonClasses (35ms)
	RebuildNativeTypeToScriptingClass (10ms)
	initialDomainReloadingComplete (27ms)
	LoadAllAssembliesAndSetupDomain (292ms)
		LoadAssemblies (265ms)
		RebuildTransferFunctionScriptingTraits (0ms)
		AnalyzeDomain (118ms)
			TypeCache.Refresh (5ms)
				TypeCache.ScanAssembly (0ms)
			BuildScriptInfoCaches (106ms)
			ResolveRequiredComponents (4ms)
	FinalizeReload (513ms)
		ReleaseScriptCaches (0ms)
		RebuildScriptCaches (0ms)
		SetupLoadedEditorAssemblies (400ms)
			LogAssemblyErrors (0ms)
			InitializePlatformSupportModulesInManaged (11ms)
			SetLoadedEditorAssemblies (4ms)
			BeforeProcessingInitializeOnLoad (92ms)
			ProcessInitializeOnLoadAttributes (262ms)
			ProcessInitializeOnLoadMethodAttributes (22ms)
			AfterProcessingInitializeOnLoad (8ms)
			EditorAssembliesLoaded (0ms)
		ExecutionOrderSort2 (0ms)
		AwakeInstancesAfterBackupRestoration (6ms)
Refreshing native plugins compatible for Editor in 1.41 ms, found 3 plugins.
Preloading 0 native plugins for Editor in 0.00 ms.
Unloading 0 Unused Serialized files (Serialized files now loaded: 0)
Unloading 3825 unused Assets / (0.8 MB). Loaded Objects now: 4351.
Memory consumption went from 96.6 MB to 95.8 MB.
Total: 5.035800 ms (FindLiveObjects: 0.396200 ms CreateObjectMapping: 0.187000 ms MarkObjects: 3.679900 ms  DeleteObjects: 0.772100 ms)

Prepare: number of updated asset objects reloaded= 0
========================================================================
Received Prepare
Begin MonoManager ReloadAssembly
- Loaded All Assemblies, in  0.533 seconds
Refreshing native plugins compatible for Editor in 1.18 ms, found 3 plugins.
Native extension for WindowsStandalone target not found
[Package Manager] Failed to launch server process. Reason: Unity was launched with the -noUpm command-line argument
[Package Manager] Unable to send message (not connected to server process).
[Package Manager] Cannot connect to Unity Package Manager local server
Mono: successfully reloaded assembly
- Finished resetting the current domain, in  0.495 seconds
Domain Reload Profiling: 1026ms
	BeginReloadAssembly (171ms)
		ExecutionOrderSort (0ms)
		DisableScriptedObjects (5ms)
		BackupInstance (0ms)
		ReleaseScriptingObjects (0ms)
		CreateAndSetChildDomain (36ms)
	RebuildCommonClasses (30ms)
	RebuildNativeTypeToScriptingClass (11ms)
	initialDomainReloadingComplete (30ms)
	LoadAllAssembliesAndSetupDomain (290ms)
		LoadAssemblies (257ms)
		RebuildTransferFunctionScriptingTraits (0ms)
		AnalyzeDomain (118ms)
			TypeCache.Refresh (6ms)
				TypeCache.ScanAssembly (0ms)
			BuildScriptInfoCaches (104ms)
			ResolveRequiredComponents (5ms)
	FinalizeReload (495ms)
		ReleaseScriptCaches (0ms)
		RebuildScriptCaches (0ms)
		SetupLoadedEditorAssemblies (396ms)
			LogAssemblyErrors (0ms)
			InitializePlatformSupportModulesInManaged (11ms)
			SetLoadedEditorAssemblies (4ms)
			BeforeProcessingInitializeOnLoad (90ms)
			ProcessInitializeOnLoadAttributes (261ms)
			ProcessInitializeOnLoadMethodAttributes (21ms)
			AfterProcessingInitializeOnLoad (8ms)
			EditorAssembliesLoaded (0ms)
		ExecutionOrderSort2 (0ms)
		AwakeInstancesAfterBackupRestoration (7ms)
Refreshing native plugins compatible for Editor in 1.64 ms, found 3 plugins.
Preloading 0 native plugins for Editor in 0.00 ms.
Unloading 0 Unused Serialized files (Serialized files now loaded: 0)
Unloading 3825 unused Assets / (1.0 MB). Loaded Objects now: 4351.
Memory consumption went from 96.6 MB to 95.6 MB.
Total: 5.375700 ms (FindLiveObjects: 0.417500 ms CreateObjectMapping: 0.245200 ms MarkObjects: 3.705800 ms  DeleteObjects: 1.006500 ms)

Prepare: number of updated asset objects reloaded= 0
========================================================================
Received Import Request.
  Time since last request: 481.608239 seconds.
  path: Assets/New Terrain.asset
  artifactKey: Guid(3b48e20dfb8e46643919b9b377489928) Importer(2089858483,192608db42251d675da83286b1cce702)
Start importing Assets/New Terrain.asset using Guid(3b48e20dfb8e46643919b9b377489928) Importer(2089858483,192608db42251d675da83286b1cce702) (ScriptedImporter) -> (artifact id: 'd7dab206b3e3712fe70e92fec3abda89') in 0.1126088 seconds
Number of updated asset objects reloaded before import = 0Number of asset objects unloaded after import = 1

========================================================================
Received Import Request.
  Time since last request: 0.000017 seconds.
  path: Assets/2_Models/TheCogofTime-Model_FBX/stage3_main_character_motion/stage3_main_character_running.fbx
  artifactKey: Guid(4f2af590e07fd9841a34908966bf28dd) Importer(2089858483,192608db42251d675da83286b1cce702)
Start importing Assets/2_Models/TheCogofTime-Model_FBX/stage3_main_character_motion/stage3_main_character_running.fbx using Guid(4f2af590e07fd9841a34908966bf28dd) Importer(2089858483,192608db42251d675da83286b1cce702) (ScriptedImporter) -> (artifact id: '59fc97384fe91369667d1317f259249c') in 0.0660246 seconds
Number of updated asset objects reloaded before import = 0Number of asset objects unloaded after import = 135

========================================================================
Received Import Request.
  Time since last request: 0.000024 seconds.
  path: Assets/2_Models/TheCogofTime-Model_FBX/stage3_main_character_motion/stage3_main_character_climbing.fbx
  artifactKey: Guid(ee70c1fb2fbb7934aa29ddcfed4128cb) Importer(2089858483,192608db42251d675da83286b1cce702)
Start importing Assets/2_Models/TheCogofTime-Model_FBX/stage3_main_character_motion/stage3_main_character_climbing.fbx using Guid(ee70c1fb2fbb7934aa29ddcfed4128cb) Importer(2089858483,192608db42251d675da83286b1cce702) (ScriptedImporter) -> (artifact id: 'eb6f34db4f696cd72f3e6cf204eded09') in 0.0285504 seconds
Number of updated asset objects reloaded before import = 0Number of asset objects unloaded after import = 135

========================================================================
Received Import Request.
  Time since last request: 0.000016 seconds.
  path: Assets/2_Models/TheCogofTime-Model_FBX/stage1_boss_motion/stage1_boss_brain_smasher.fbx
  artifactKey: Guid(a8612c80747cb114699d0d55bbd1b141) Importer(2089858483,192608db42251d675da83286b1cce702)
Start importing Assets/2_Models/TheCogofTime-Model_FBX/stage1_boss_motion/stage1_boss_brain_smasher.fbx using Guid(a8612c80747cb114699d0d55bbd1b141) Importer(2089858483,192608db42251d675da83286b1cce702) (ScriptedImporter) -> (artifact id: '3f9e0ec9fdce6140748676452a8798c2') in 0.0260417 seconds
Number of updated asset objects reloaded before import = 0Number of asset objects unloaded after import = 71

========================================================================
Received Import Request.
  Time since last request: 0.000015 seconds.
  path: Assets/2_Models/TheCogofTime-Model_FBX/monster_motion/general_monster_dying.fbx
  artifactKey: Guid(507605d165ea9cf4ea62a9210c74fbfc) Importer(2089858483,192608db42251d675da83286b1cce702)
Start importing Assets/2_Models/TheCogofTime-Model_FBX/monster_motion/general_monster_dying.fbx using Guid(507605d165ea9cf4ea62a9210c74fbfc) Importer(2089858483,192608db42251d675da83286b1cce702) (ScriptedImporter) -> (artifact id: '883180105a59f63c73eb86876f4150e1') in 0.0261397 seconds
Number of updated asset objects reloaded before import = 0Number of asset objects unloaded after import = 103

========================================================================
Received Import Request.
  Time since last request: 0.000017 seconds.
  path: Assets/2_Models/TheCogofTime-Model_FBX/stage2_boss_motion/stage2_boss_brain_smasher.fbx
  artifactKey: Guid(14688ea570b41b947bce6ee60c4f0501) Importer(2089858483,192608db42251d675da83286b1cce702)
Start importing Assets/2_Models/TheCogofTime-Model_FBX/stage2_boss_motion/stage2_boss_brain_smasher.fbx using Guid(14688ea570b41b947bce6ee60c4f0501) Importer(2089858483,192608db42251d675da83286b1cce702) (ScriptedImporter) -> (artifact id: '3f2cb80bb72061a37b2ebacf187e05e3') in 0.0330491 seconds
Number of updated asset objects reloaded before import = 0Number of asset objects unloaded after import = 135

========================================================================
Received Import Request.
  Time since last request: 0.000018 seconds.
  path: Assets/2_Models/TheCogofTime-Model_FBX/stage3_main_character_motion/stage3_main_character.fbx
  artifactKey: Guid(9da21b3c3386e2e44ae3f4b1b9b424fd) Importer(2089858483,192608db42251d675da83286b1cce702)
Start importing Assets/2_Models/TheCogofTime-Model_FBX/stage3_main_character_motion/stage3_main_character.fbx using Guid(9da21b3c3386e2e44ae3f4b1b9b424fd) Importer(2089858483,192608db42251d675da83286b1cce702) (ScriptedImporter) -> (artifact id: 'efa8c43fcf79a48d4d20bb54982e8760') in 0.0559371 seconds
Number of updated asset objects reloaded before import = 0Number of asset objects unloaded after import = 33

========================================================================
Received Import Request.
  Time since last request: 0.000015 seconds.
  path: Assets/2_Models/TheCogofTime-Model_FBX/monster_motion/general_monster_attack.fbx
  artifactKey: Guid(d9c48ae95c2c78e4492ec84c6e3e44fc) Importer(2089858483,192608db42251d675da83286b1cce702)
Start importing Assets/2_Models/TheCogofTime-Model_FBX/monster_motion/general_monster_attack.fbx using Guid(d9c48ae95c2c78e4492ec84c6e3e44fc) Importer(2089858483,192608db42251d675da83286b1cce702) (ScriptedImporter) -> (artifact id: 'c4fce84530103f8e49518a261f63902e') in 0.0248253 seconds
Number of updated asset objects reloaded before import = 0Number of asset objects unloaded after import = 103

========================================================================
Received Import Request.
  Time since last request: 0.000017 seconds.
  path: Assets/2_Models/TheCogofTime-Model_FBX/stage3_main_character_motion/stage3_main_character_left_hand_punch.fbx
  artifactKey: Guid(8884a22f8988141448cd8cf7e3f92fbd) Importer(2089858483,192608db42251d675da83286b1cce702)
Start importing Assets/2_Models/TheCogofTime-Model_FBX/stage3_main_character_motion/stage3_main_character_left_hand_punch.fbx using Guid(8884a22f8988141448cd8cf7e3f92fbd) Importer(2089858483,192608db42251d675da83286b1cce702) (ScriptedImporter) -> (artifact id: 'df2eb4a566228efa928bf5675c3834b6') in 0.0303878 seconds
Number of updated asset objects reloaded before import = 0Number of asset objects unloaded after import = 135

========================================================================
Received Import Request.
  Time since last request: 0.000022 seconds.
  path: Assets/2_Models/TheCogofTime-Model_FBX/stage1_boss_motion/stage1_boss_jump_smash.fbx
  artifactKey: Guid(9c6009d547a569d4b9012a2fec6f56ce) Importer(2089858483,192608db42251d675da83286b1cce702)
Start importing Assets/2_Models/TheCogofTime-Model_FBX/stage1_boss_motion/stage1_boss_jump_smash.fbx using Guid(9c6009d547a569d4b9012a2fec6f56ce) Importer(2089858483,192608db42251d675da83286b1cce702) (ScriptedImporter) -> (artifact id: '25296392f06b3ae4d7c2df1d0e320576') in 0.0257937 seconds
Number of updated asset objects reloaded before import = 0Number of asset objects unloaded after import = 71

========================================================================
Received Import Request.
  Time since last request: 0.000022 seconds.
  path: Assets/2_Models/TheCogofTime-Model_FBX/stage2_boss_motion/stage2_boss_left_hand_attack.fbx
  artifactKey: Guid(332981def37ef844fbdc8629801a7ce9) Importer(2089858483,192608db42251d675da83286b1cce702)
Start importing Assets/2_Models/TheCogofTime-Model_FBX/stage2_boss_motion/stage2_boss_left_hand_attack.fbx using Guid(332981def37ef844fbdc8629801a7ce9) Importer(2089858483,192608db42251d675da83286b1cce702) (ScriptedImporter) -> (artifact id: 'c3670773e4ee18e38bd244dcbb839be5') in 0.0270315 seconds
Number of updated asset objects reloaded before import = 0Number of asset objects unloaded after import = 135

========================================================================
Received Import Request.
  Time since last request: 0.000018 seconds.
  path: Assets/2_Models/TheCogofTime-Model_FBX/stage1_boss_motion/stage1_boss_roar.fbx
  artifactKey: Guid(91de8d2f37d373c42b30ad155d803b12) Importer(2089858483,192608db42251d675da83286b1cce702)
Start importing Assets/2_Models/TheCogofTime-Model_FBX/stage1_boss_motion/stage1_boss_roar.fbx using Guid(91de8d2f37d373c42b30ad155d803b12) Importer(2089858483,192608db42251d675da83286b1cce702) (ScriptedImporter) -> (artifact id: '3a1b9a1adf2dcb0a73cda353019c21b0') in 0.0277778 seconds
Number of updated asset objects reloaded before import = 0Number of asset objects unloaded after import = 71

========================================================================
Received Import Request.
  Time since last request: 0.000020 seconds.
  path: Assets/2_Models/TheCogofTime-Model_FBX/stage3_main_character_motion/stage3_main_character_walking.fbx
  artifactKey: Guid(e499b2f3a2948364f842a56a8b0254bf) Importer(2089858483,192608db42251d675da83286b1cce702)
Start importing Assets/2_Models/TheCogofTime-Model_FBX/stage3_main_character_motion/stage3_main_character_walking.fbx using Guid(e499b2f3a2948364f842a56a8b0254bf) Importer(2089858483,192608db42251d675da83286b1cce702) (ScriptedImporter) -> (artifact id: 'a25bc45f126e82d419f161500b5defa4') in 0.0260542 seconds
Number of updated asset objects reloaded before import = 0Number of asset objects unloaded after import = 135

========================================================================
Received Import Request.
  Time since last request: 0.000015 seconds.
  path: Assets/2_Models/TheCogofTime-Model_FBX/stage1_main_character/stage1_main_character_strong_arm_gesture.fbx
  artifactKey: Guid(3eb09090f56db794c8293a08a2abd218) Importer(2089858483,192608db42251d675da83286b1cce702)
Start importing Assets/2_Models/TheCogofTime-Model_FBX/stage1_main_character/stage1_main_character_strong_arm_gesture.fbx using Guid(3eb09090f56db794c8293a08a2abd218) Importer(2089858483,192608db42251d675da83286b1cce702) (ScriptedImporter) -> (artifact id: 'e22a27aeb1db20de5934d12d9214b52f') in 0.0251583 seconds
Number of updated asset objects reloaded before import = 0Number of asset objects unloaded after import = 103

========================================================================
Received Import Request.
  Time since last request: 0.000016 seconds.
  path: Assets/2_Models/TheCogofTime-Model_FBX/monster_motion/monster.fbx
  artifactKey: Guid(870b9eecd39a66946a98bc81374a8ea0) Importer(2089858483,192608db42251d675da83286b1cce702)
Start importing Assets/2_Models/TheCogofTime-Model_FBX/monster_motion/monster.fbx using Guid(870b9eecd39a66946a98bc81374a8ea0) Importer(2089858483,192608db42251d675da83286b1cce702) (ScriptedImporter) -> (artifact id: 'ad03963797020af88eede9b267de66d2') in 0.030865 seconds
Number of updated asset objects reloaded before import = 0Number of asset objects unloaded after import = 45

========================================================================
Received Import Request.
  Time since last request: 0.000022 seconds.
  path: Assets/2_Models/TheCogofTime-Model_FBX/stage3_main_character_motion/stage3_main_character_back_flip_combo.fbx
  artifactKey: Guid(a7ff244c47b1b7340bda2a28f18e86b0) Importer(2089858483,192608db42251d675da83286b1cce702)
Start importing Assets/2_Models/TheCogofTime-Model_FBX/stage3_main_character_motion/stage3_main_character_back_flip_combo.fbx using Guid(a7ff244c47b1b7340bda2a28f18e86b0) Importer(2089858483,192608db42251d675da83286b1cce702) (ScriptedImporter) -> (artifact id: '288dd96393d5f0e4fd46adbc46fed038') in 0.0273574 seconds
Number of updated asset objects reloaded before import = 0Number of asset objects unloaded after import = 135

========================================================================
Received Import Request.
  Time since last request: 0.000015 seconds.
  path: Assets/4_Scripts/CharacterInput.cs
  artifactKey: Guid(13cd3a5771392584ebedb5186c0eb937) Importer(2089858483,192608db42251d675da83286b1cce702)
Start importing Assets/4_Scripts/CharacterInput.cs using Guid(13cd3a5771392584ebedb5186c0eb937) Importer(2089858483,192608db42251d675da83286b1cce702) (ScriptedImporter) -> (artifact id: 'acfdb3f351f09798cc4217022ba024b8') in 0.0110095 seconds
Number of updated asset objects reloaded before import = 0Number of asset objects unloaded after import = 0

========================================================================
Received Import Request.
  Time since last request: 0.000067 seconds.
  path: Assets/2_Models/TheCogofTime-Model_FBX/stage2_main_character_fbx/stage2_main_character.fbx
  artifactKey: Guid(a785c9db22c3050438ca6b3171caae95) Importer(2089858483,192608db42251d675da83286b1cce702)
Start importing Assets/2_Models/TheCogofTime-Model_FBX/stage2_main_character_fbx/stage2_main_character.fbx using Guid(a785c9db22c3050438ca6b3171caae95) Importer(2089858483,192608db42251d675da83286b1cce702) (ScriptedImporter) -> (artifact id: '3cb2531249a73f94308d41f3bf9d9a2a') in 0.0276337 seconds
Number of updated asset objects reloaded before import = 0Number of asset objects unloaded after import = 38

========================================================================
Received Import Request.
  Time since last request: 0.000019 seconds.
  path: Assets/2_Models/TheCogofTime-Model_FBX/stage1_boss_motion/stage1_boss_running.fbx
  artifactKey: Guid(5f25ba8f565ed4c41a540dda157c6026) Importer(2089858483,192608db42251d675da83286b1cce702)
Start importing Assets/2_Models/TheCogofTime-Model_FBX/stage1_boss_motion/stage1_boss_running.fbx using Guid(5f25ba8f565ed4c41a540dda157c6026) Importer(2089858483,192608db42251d675da83286b1cce702) (ScriptedImporter) -> (artifact id: '57d7daa7080a00c3c1aa3b59db9f4297') in 0.0259486 seconds
Number of updated asset objects reloaded before import = 0Number of asset objects unloaded after import = 71

========================================================================
Received Import Request.
  Time since last request: 0.000028 seconds.
  path: Assets/2_Models/TheCogofTime-Model_FBX/stage2_main_character_fbx/stage2_main_character_breathing_idle.fbx
  artifactKey: Guid(7926d2864ce5b8049ad6f46b12c16de0) Importer(2089858483,192608db42251d675da83286b1cce702)
Start importing Assets/2_Models/TheCogofTime-Model_FBX/stage2_main_character_fbx/stage2_main_character_breathing_idle.fbx using Guid(7926d2864ce5b8049ad6f46b12c16de0) Importer(2089858483,192608db42251d675da83286b1cce702) (ScriptedImporter) -> (artifact id: '796f52b63aa793e1642ebea424be703b') in 0.0291185 seconds
Number of updated asset objects reloaded before import = 0Number of asset objects unloaded after import = 87

========================================================================
Received Import Request.
  Time since last request: 0.000016 seconds.
  path: Assets/4_Scripts/CharacterMotor.cs
  artifactKey: Guid(4e0e7611c8eaaf14896d2201de58cc6f) Importer(2089858483,192608db42251d675da83286b1cce702)
Start importing Assets/4_Scripts/CharacterMotor.cs using Guid(4e0e7611c8eaaf14896d2201de58cc6f) Importer(2089858483,192608db42251d675da83286b1cce702) (ScriptedImporter) -> (artifact id: '898fcd3c81c90633dfda00f325d7b838') in 0.0130198 seconds
Number of updated asset objects reloaded before import = 0Number of asset objects unloaded after import = 0

========================================================================
Received Import Request.
  Time since last request: 0.000076 seconds.
  path: Assets/2_Models/TheCogofTime-Model_FBX/stage1_boss_motion/stage1_boss_left_hand_attack.fbx
  artifactKey: Guid(f0c4b0fb86a2a9d4abb4d76230723ef6) Importer(2089858483,192608db42251d675da83286b1cce702)
Start importing Assets/2_Models/TheCogofTime-Model_FBX/stage1_boss_motion/stage1_boss_left_hand_attack.fbx using Guid(f0c4b0fb86a2a9d4abb4d76230723ef6) Importer(2089858483,192608db42251d675da83286b1cce702) (ScriptedImporter) -> (artifact id: 'eb9ec557a0c7cf2c450584dd5262ec14') in 0.0312819 seconds
Number of updated asset objects reloaded before import = 0Number of asset objects unloaded after import = 71

========================================================================
Received Import Request.
  Time since last request: 0.000016 seconds.
  path: Assets/2_Models/TheCogofTime-Model_FBX/stage1_main_character/stage1_main_character_lifting.fbx
  artifactKey: Guid(305caa7b127427f4ea52135759a01e64) Importer(2089858483,192608db42251d675da83286b1cce702)
Start importing Assets/2_Models/TheCogofTime-Model_FBX/stage1_main_character/stage1_main_character_lifting.fbx using Guid(305caa7b127427f4ea52135759a01e64) Importer(2089858483,192608db42251d675da83286b1cce702) (ScriptedImporter) -> (artifact id: '061941b7692854997a61b975ea3ec84d') in 0.0275488 seconds
Number of updated asset objects reloaded before import = 0Number of asset objects unloaded after import = 103

========================================================================
Received Import Request.
  Time since last request: 0.000017 seconds.
  path: Assets/2_Models/TheCogofTime-Model_FBX/stage2_main_character_fbx/stage2_main_character_Unarmed_Equip.fbx
  artifactKey: Guid(2ff74195125262a4abb7689f9a2112fe) Importer(2089858483,192608db42251d675da83286b1cce702)
Start importing Assets/2_Models/TheCogofTime-Model_FBX/stage2_main_character_fbx/stage2_main_character_Unarmed_Equip.fbx using Guid(2ff74195125262a4abb7689f9a2112fe) Importer(2089858483,192608db42251d675da83286b1cce702) (ScriptedImporter) -> (artifact id: '5af9e75f0dce4783689d340e19712b9c') in 0.0247228 seconds
Number of updated asset objects reloaded before import = 0Number of asset objects unloaded after import = 87

========================================================================
Received Import Request.
  Time since last request: 0.000016 seconds.
  path: Assets/2_Models/TheCogofTime-Model_FBX/stage1_main_character/stage1_main_character_dap_pose.fbx
  artifactKey: Guid(c6363e203d9182c44b3568595a5dc5ea) Importer(2089858483,192608db42251d675da83286b1cce702)
Start importing Assets/2_Models/TheCogofTime-Model_FBX/stage1_main_character/stage1_main_character_dap_pose.fbx using Guid(c6363e203d9182c44b3568595a5dc5ea) Importer(2089858483,192608db42251d675da83286b1cce702) (ScriptedImporter) -> (artifact id: '56ac158715de01a48636507e541cc22a') in 0.026048 seconds
Number of updated asset objects reloaded before import = 0Number of asset objects unloaded after import = 103

========================================================================
Received Import Request.
  Time since last request: 0.000016 seconds.
  path: Assets/2_Models/TheCogofTime-Model_FBX/stage2_main_character_fbx/stage2_main_character_climbing.fbx
  artifactKey: Guid(7e20612a0b5333040a724fdec19431a6) Importer(2089858483,192608db42251d675da83286b1cce702)
Start importing Assets/2_Models/TheCogofTime-Model_FBX/stage2_main_character_fbx/stage2_main_character_climbing.fbx using Guid(7e20612a0b5333040a724fdec19431a6) Importer(2089858483,192608db42251d675da83286b1cce702) (ScriptedImporter) -> (artifact id: 'fa40b9f4f04d05b91ac0f16c6d5be9b7') in 0.0262736 seconds
Number of updated asset objects reloaded before import = 0Number of asset objects unloaded after import = 87

========================================================================
Received Import Request.
  Time since last request: 0.000016 seconds.
  path: Assets/2_Models/TheCogofTime-Model_FBX/stage2_boss_motion/stage2_boss_wooops_attack.fbx
  artifactKey: Guid(ece15bab4cfedd84398b75a87114215a) Importer(2089858483,192608db42251d675da83286b1cce702)
Start importing Assets/2_Models/TheCogofTime-Model_FBX/stage2_boss_motion/stage2_boss_wooops_attack.fbx using Guid(ece15bab4cfedd84398b75a87114215a) Importer(2089858483,192608db42251d675da83286b1cce702) (ScriptedImporter) -> (artifact id: 'd16315b905d35036d3fcecea9523c4ec') in 0.0255757 seconds
Number of updated asset objects reloaded before import = 0Number of asset objects unloaded after import = 135

========================================================================
Received Import Request.
  Time since last request: 0.000021 seconds.
  path: Assets/2_Models/TheCogofTime-Model_FBX/stage3_main_character_motion/stage3_main_character_lifting.fbx
  artifactKey: Guid(ee8c4478529c83c4a90fb5e328755796) Importer(2089858483,192608db42251d675da83286b1cce702)
Start importing Assets/2_Models/TheCogofTime-Model_FBX/stage3_main_character_motion/stage3_main_character_lifting.fbx using Guid(ee8c4478529c83c4a90fb5e328755796) Importer(2089858483,192608db42251d675da83286b1cce702) (ScriptedImporter) -> (artifact id: '9df8d238784f53c163db0e756c66ad37') in 0.0256141 seconds
Number of updated asset objects reloaded before import = 0Number of asset objects unloaded after import = 135

========================================================================
Received Import Request.
  Time since last request: 0.000028 seconds.
  path: Assets/2_Models/TheCogofTime-Model_FBX/stage2_boss_motion/stage2_boss_roar.fbx
  artifactKey: Guid(561f3efa9833d7b449ec353b40e35970) Importer(2089858483,192608db42251d675da83286b1cce702)
Start importing Assets/2_Models/TheCogofTime-Model_FBX/stage2_boss_motion/stage2_boss_roar.fbx using Guid(561f3efa9833d7b449ec353b40e35970) Importer(2089858483,192608db42251d675da83286b1cce702) (ScriptedImporter) -> (artifact id: '180bd17536c5a76fb95bd2985a050e93') in 0.0285571 seconds
Number of updated asset objects reloaded before import = 0Number of asset objects unloaded after import = 135

========================================================================
Received Import Request.
  Time since last request: 0.000016 seconds.
  path: Assets/2_Models/TheCogofTime-Model_FBX/stage2_main_character_fbx/stage2_main_character_dap_pose.fbx
  artifactKey: Guid(dfe88ab9552744f4caa1580199bb5084) Importer(2089858483,192608db42251d675da83286b1cce702)
Start importing Assets/2_Models/TheCogofTime-Model_FBX/stage2_main_character_fbx/stage2_main_character_dap_pose.fbx using Guid(dfe88ab9552744f4caa1580199bb5084) Importer(2089858483,192608db42251d675da83286b1cce702) (ScriptedImporter) -> (artifact id: 'e332948a1f9331236e93ddf38817dc0b') in 0.0296506 seconds
Number of updated asset objects reloaded before import = 0Number of asset objects unloaded after import = 87

========================================================================
Received Import Request.
  Time since last request: 0.000020 seconds.
  path: Assets/2_Models/TheCogofTime-Model_FBX/stage2_main_character_fbx/stage2_main_charcacter_lifting.fbx
  artifactKey: Guid(2d72d862cab2c0d449f39805a56e7b54) Importer(2089858483,192608db42251d675da83286b1cce702)
Start importing Assets/2_Models/TheCogofTime-Model_FBX/stage2_main_character_fbx/stage2_main_charcacter_lifting.fbx using Guid(2d72d862cab2c0d449f39805a56e7b54) Importer(2089858483,192608db42251d675da83286b1cce702) (ScriptedImporter) -> (artifact id: '69a09c2843841fb2b2cb529a2cf1bfc7') in 0.0280185 seconds
Number of updated asset objects reloaded before import = 0Number of asset objects unloaded after import = 87

========================================================================
Received Import Request.
  Time since last request: 0.000020 seconds.
  path: Assets/2_Models/TheCogofTime-Model_FBX/stage1_boss_motion/stage1_boss_jump_attack.fbx
  artifactKey: Guid(47fc4253c5354f84facc0b12ef787374) Importer(2089858483,192608db42251d675da83286b1cce702)
Start importing Assets/2_Models/TheCogofTime-Model_FBX/stage1_boss_motion/stage1_boss_jump_attack.fbx using Guid(47fc4253c5354f84facc0b12ef787374) Importer(2089858483,192608db42251d675da83286b1cce702) (ScriptedImporter) -> (artifact id: '766132aaff08ec34de074e5279545c39') in 0.0305135 seconds
Number of updated asset objects reloaded before import = 0Number of asset objects unloaded after import = 71

========================================================================
Received Import Request.
  Time since last request: 0.000015 seconds.
  path: Assets/2_Models/TheCogofTime-Model_FBX/stage2_main_character_fbx/stage2_main_character_Standinga_Attack.fbx
  artifactKey: Guid(b46036747dda4ee4399e925046ebf029) Importer(2089858483,192608db42251d675da83286b1cce702)
Start importing Assets/2_Models/TheCogofTime-Model_FBX/stage2_main_character_fbx/stage2_main_character_Standinga_Attack.fbx using Guid(b46036747dda4ee4399e925046ebf029) Importer(2089858483,192608db42251d675da83286b1cce702) (ScriptedImporter) -> (artifact id: '47d2e8b236a12a7b752a3c0803c3abbe') in 0.0263447 seconds
Number of updated asset objects reloaded before import = 0Number of asset objects unloaded after import = 87

========================================================================
Received Import Request.
  Time since last request: 0.000018 seconds.
  path: Assets/2_Models/TheCogofTime-Model_FBX/stage3_main_character_motion/stage3_main_character_fighting_idle.fbx
  artifactKey: Guid(3b70622990c670d4daea6b5646ef6bd5) Importer(2089858483,192608db42251d675da83286b1cce702)
Start importing Assets/2_Models/TheCogofTime-Model_FBX/stage3_main_character_motion/stage3_main_character_fighting_idle.fbx using Guid(3b70622990c670d4daea6b5646ef6bd5) Importer(2089858483,192608db42251d675da83286b1cce702) (ScriptedImporter) -> (artifact id: 'a337f9e6d648f478daca317d8cfc93e8') in 0.0286048 seconds
Number of updated asset objects reloaded before import = 0Number of asset objects unloaded after import = 135

========================================================================
Received Import Request.
  Time since last request: 0.000020 seconds.
  path: Assets/2_Models/TheCogofTime-Model_FBX/TheCogOfTime_GanttChart.xlsx
  artifactKey: Guid(a38a92d5a10bac947b065cfb7d534f69) Importer(2089858483,192608db42251d675da83286b1cce702)
Start importing Assets/2_Models/TheCogofTime-Model_FBX/TheCogOfTime_GanttChart.xlsx using Guid(a38a92d5a10bac947b065cfb7d534f69) Importer(2089858483,192608db42251d675da83286b1cce702) (ScriptedImporter) -> (artifact id: 'd25e8ff530ee597dba9d62873aba4b0c') in 0.0107836 seconds
Number of updated asset objects reloaded before import = 0Number of asset objects unloaded after import = 1

========================================================================
Received Import Request.
  Time since last request: 0.000042 seconds.
  path: Assets/2_Models/TheCogofTime-Model_FBX/stage2_main_character_fbx/stage2_main_character_strong_arm_gesture.fbx
  artifactKey: Guid(eeeb095be5d4871428ec306c81017cb1) Importer(2089858483,192608db42251d675da83286b1cce702)
Start importing Assets/2_Models/TheCogofTime-Model_FBX/stage2_main_character_fbx/stage2_main_character_strong_arm_gesture.fbx using Guid(eeeb095be5d4871428ec306c81017cb1) Importer(2089858483,192608db42251d675da83286b1cce702) (ScriptedImporter) -> (artifact id: '34157731752d9e43a1f88ce1e1578b56') in 0.0283291 seconds
Number of updated asset objects reloaded before import = 0Number of asset objects unloaded after import = 87

========================================================================
Received Import Request.
  Time since last request: 0.000022 seconds.
  path: Assets/4_Scripts/StateMachine.cs
  artifactKey: Guid(78e06d692853b434b926ca519938464a) Importer(2089858483,192608db42251d675da83286b1cce702)
Start importing Assets/4_Scripts/StateMachine.cs using Guid(78e06d692853b434b926ca519938464a) Importer(2089858483,192608db42251d675da83286b1cce702) (ScriptedImporter) -> (artifact id: 'f9d16e6809108c4031cbaa07c432f750') in 0.0116056 seconds
Number of updated asset objects reloaded before import = 0Number of asset objects unloaded after import = 0

========================================================================
Received Import Request.
  Time since last request: 0.000063 seconds.
  path: Assets/2_Models/TheCogofTime-Model_FBX/README.md
  artifactKey: Guid(f696d08832a62274ebf619ce3678890c) Importer(2089858483,192608db42251d675da83286b1cce702)
Start importing Assets/2_Models/TheCogofTime-Model_FBX/README.md using Guid(f696d08832a62274ebf619ce3678890c) Importer(2089858483,192608db42251d675da83286b1cce702) (ScriptedImporter) -> (artifact id: '858cbc7834f5d8a76674c4aadcb83523') in 0.0194564 seconds
Number of updated asset objects reloaded before import = 0Number of asset objects unloaded after import = 1

